#! /usr/local/Cellar/icarus-verilog/11.0/bin/vvp
:ivl_version "11.0 (stable)";
:ivl_delay_selection "TYPICAL";
:vpi_time_precision + 0;
:vpi_module "/usr/local/Cellar/icarus-verilog/11.0/lib/ivl/system.vpi";
:vpi_module "/usr/local/Cellar/icarus-verilog/11.0/lib/ivl/vhdl_sys.vpi";
:vpi_module "/usr/local/Cellar/icarus-verilog/11.0/lib/ivl/vhdl_textio.vpi";
:vpi_module "/usr/local/Cellar/icarus-verilog/11.0/lib/ivl/v2005_math.vpi";
:vpi_module "/usr/local/Cellar/icarus-verilog/11.0/lib/ivl/va_math.vpi";
S_0x7fe8a79043d0 .scope module, "N_bit_adder" "N_bit_adder" 2 9;
 .timescale 0 0;
    .port_info 0 /INPUT 32 "input1";
    .port_info 1 /INPUT 32 "input2";
    .port_info 2 /OUTPUT 32 "answer";
P_0x600000ec4100 .param/l "N" 0 2 10, +C4<00000000000000000000000000100000>;
v0x6000029dba80_0 .net "answer", 31 0, L_0x600002ac3c00;  1 drivers
v0x6000029dbb10_0 .net "carry", 31 0, L_0x600002ac3ca0;  1 drivers
v0x6000029dbba0_0 .net "carry_out", 0 0, L_0x600002ac3d40;  1 drivers
o0x7fe8a7837948 .functor BUFZ 32, C4<zzzzzzzzzzzzzzzzzzzzzzzzzzzzzzzz>; HiZ drive
v0x6000029dbc30_0 .net "input1", 31 0, o0x7fe8a7837948;  0 drivers
o0x7fe8a7837978 .functor BUFZ 32, C4<zzzzzzzzzzzzzzzzzzzzzzzzzzzzzzzz>; HiZ drive
v0x6000029dbcc0_0 .net "input2", 31 0, o0x7fe8a7837978;  0 drivers
L_0x600002ac00a0 .part o0x7fe8a7837948, 0, 1;
L_0x600002ac0140 .part o0x7fe8a7837978, 0, 1;
L_0x600002ac01e0 .part o0x7fe8a7837948, 1, 1;
L_0x600002ac0280 .part o0x7fe8a7837978, 1, 1;
L_0x600002ac0320 .part L_0x600002ac3ca0, 0, 1;
L_0x600002ac03c0 .part o0x7fe8a7837948, 2, 1;
L_0x600002ac0460 .part o0x7fe8a7837978, 2, 1;
L_0x600002ac0500 .part L_0x600002ac3ca0, 1, 1;
L_0x600002ac05a0 .part o0x7fe8a7837948, 3, 1;
L_0x600002ac0640 .part o0x7fe8a7837978, 3, 1;
L_0x600002ac06e0 .part L_0x600002ac3ca0, 2, 1;
L_0x600002ac0780 .part o0x7fe8a7837948, 4, 1;
L_0x600002ac0820 .part o0x7fe8a7837978, 4, 1;
L_0x600002ac08c0 .part L_0x600002ac3ca0, 3, 1;
L_0x600002ac0960 .part o0x7fe8a7837948, 5, 1;
L_0x600002ac0a00 .part o0x7fe8a7837978, 5, 1;
L_0x600002ac0aa0 .part L_0x600002ac3ca0, 4, 1;
L_0x600002ac0b40 .part o0x7fe8a7837948, 6, 1;
L_0x600002ac0be0 .part o0x7fe8a7837978, 6, 1;
L_0x600002ac0d20 .part L_0x600002ac3ca0, 5, 1;
L_0x600002ac0dc0 .part o0x7fe8a7837948, 7, 1;
L_0x600002ac0c80 .part o0x7fe8a7837978, 7, 1;
L_0x600002ac0e60 .part L_0x600002ac3ca0, 6, 1;
L_0x600002ac0f00 .part o0x7fe8a7837948, 8, 1;
L_0x600002ac0fa0 .part o0x7fe8a7837978, 8, 1;
L_0x600002ac1040 .part L_0x600002ac3ca0, 7, 1;
L_0x600002ac10e0 .part o0x7fe8a7837948, 9, 1;
L_0x600002ac1180 .part o0x7fe8a7837978, 9, 1;
L_0x600002ac1220 .part L_0x600002ac3ca0, 8, 1;
L_0x600002ac12c0 .part o0x7fe8a7837948, 10, 1;
L_0x600002ac1360 .part o0x7fe8a7837978, 10, 1;
L_0x600002ac1400 .part L_0x600002ac3ca0, 9, 1;
L_0x600002ac14a0 .part o0x7fe8a7837948, 11, 1;
L_0x600002ac1540 .part o0x7fe8a7837978, 11, 1;
L_0x600002ac15e0 .part L_0x600002ac3ca0, 10, 1;
L_0x600002ac1680 .part o0x7fe8a7837948, 12, 1;
L_0x600002ac1720 .part o0x7fe8a7837978, 12, 1;
L_0x600002ac17c0 .part L_0x600002ac3ca0, 11, 1;
L_0x600002ac1860 .part o0x7fe8a7837948, 13, 1;
L_0x600002ac1900 .part o0x7fe8a7837978, 13, 1;
L_0x600002ac19a0 .part L_0x600002ac3ca0, 12, 1;
L_0x600002ac1a40 .part o0x7fe8a7837948, 14, 1;
L_0x600002ac1ae0 .part o0x7fe8a7837978, 14, 1;
L_0x600002ac1b80 .part L_0x600002ac3ca0, 13, 1;
L_0x600002ac1c20 .part o0x7fe8a7837948, 15, 1;
L_0x600002ac1cc0 .part o0x7fe8a7837978, 15, 1;
L_0x600002ac1d60 .part L_0x600002ac3ca0, 14, 1;
L_0x600002ac1e00 .part o0x7fe8a7837948, 16, 1;
L_0x600002ac1ea0 .part o0x7fe8a7837978, 16, 1;
L_0x600002ac1f40 .part L_0x600002ac3ca0, 15, 1;
L_0x600002ac1fe0 .part o0x7fe8a7837948, 17, 1;
L_0x600002ac2080 .part o0x7fe8a7837978, 17, 1;
L_0x600002ac2120 .part L_0x600002ac3ca0, 16, 1;
L_0x600002ac21c0 .part o0x7fe8a7837948, 18, 1;
L_0x600002ac2260 .part o0x7fe8a7837978, 18, 1;
L_0x600002ac2300 .part L_0x600002ac3ca0, 17, 1;
L_0x600002ac23a0 .part o0x7fe8a7837948, 19, 1;
L_0x600002ac2440 .part o0x7fe8a7837978, 19, 1;
L_0x600002ac24e0 .part L_0x600002ac3ca0, 18, 1;
L_0x600002ac2580 .part o0x7fe8a7837948, 20, 1;
L_0x600002ac2620 .part o0x7fe8a7837978, 20, 1;
L_0x600002ac26c0 .part L_0x600002ac3ca0, 19, 1;
L_0x600002ac2760 .part o0x7fe8a7837948, 21, 1;
L_0x600002ac2800 .part o0x7fe8a7837978, 21, 1;
L_0x600002ac28a0 .part L_0x600002ac3ca0, 20, 1;
L_0x600002ac2940 .part o0x7fe8a7837948, 22, 1;
L_0x600002ac29e0 .part o0x7fe8a7837978, 22, 1;
L_0x600002ac2a80 .part L_0x600002ac3ca0, 21, 1;
L_0x600002ac2b20 .part o0x7fe8a7837948, 23, 1;
L_0x600002ac2bc0 .part o0x7fe8a7837978, 23, 1;
L_0x600002ac2c60 .part L_0x600002ac3ca0, 22, 1;
L_0x600002ac2d00 .part o0x7fe8a7837948, 24, 1;
L_0x600002ac2da0 .part o0x7fe8a7837978, 24, 1;
L_0x600002ac2e40 .part L_0x600002ac3ca0, 23, 1;
L_0x600002ac2ee0 .part o0x7fe8a7837948, 25, 1;
L_0x600002ac2f80 .part o0x7fe8a7837978, 25, 1;
L_0x600002ac3020 .part L_0x600002ac3ca0, 24, 1;
L_0x600002ac30c0 .part o0x7fe8a7837948, 26, 1;
L_0x600002ac3160 .part o0x7fe8a7837978, 26, 1;
L_0x600002ac3200 .part L_0x600002ac3ca0, 25, 1;
L_0x600002ac32a0 .part o0x7fe8a7837948, 27, 1;
L_0x600002ac3340 .part o0x7fe8a7837978, 27, 1;
L_0x600002ac33e0 .part L_0x600002ac3ca0, 26, 1;
L_0x600002ac3480 .part o0x7fe8a7837948, 28, 1;
L_0x600002ac3520 .part o0x7fe8a7837978, 28, 1;
L_0x600002ac35c0 .part L_0x600002ac3ca0, 27, 1;
L_0x600002ac3660 .part o0x7fe8a7837948, 29, 1;
L_0x600002ac3700 .part o0x7fe8a7837978, 29, 1;
L_0x600002ac37a0 .part L_0x600002ac3ca0, 28, 1;
L_0x600002ac3840 .part o0x7fe8a7837948, 30, 1;
L_0x600002ac38e0 .part o0x7fe8a7837978, 30, 1;
L_0x600002ac3980 .part L_0x600002ac3ca0, 29, 1;
L_0x600002ac3a20 .part o0x7fe8a7837948, 31, 1;
L_0x600002ac3ac0 .part o0x7fe8a7837978, 31, 1;
L_0x600002ac3b60 .part L_0x600002ac3ca0, 30, 1;
LS_0x600002ac3c00_0_0 .concat8 [ 1 1 1 1], L_0x6000030d2300, L_0x6000030d2450, L_0x6000030d2760, L_0x6000030d2a70;
LS_0x600002ac3c00_0_4 .concat8 [ 1 1 1 1], L_0x6000030d2d80, L_0x6000030d3100, L_0x6000030d33a0, L_0x6000030d36b0;
LS_0x600002ac3c00_0_8 .concat8 [ 1 1 1 1], L_0x6000030d39c0, L_0x6000030d3cd0, L_0x6000030d4000, L_0x6000030d4310;
LS_0x600002ac3c00_0_12 .concat8 [ 1 1 1 1], L_0x6000030d4620, L_0x6000030d4930, L_0x6000030d4c40, L_0x6000030d4f50;
LS_0x600002ac3c00_0_16 .concat8 [ 1 1 1 1], L_0x6000030d5260, L_0x6000030d5570, L_0x6000030d5880, L_0x6000030d5b90;
LS_0x600002ac3c00_0_20 .concat8 [ 1 1 1 1], L_0x6000030d5ea0, L_0x6000030d61b0, L_0x6000030d64c0, L_0x6000030d67d0;
LS_0x600002ac3c00_0_24 .concat8 [ 1 1 1 1], L_0x6000030d6ae0, L_0x6000030d6df0, L_0x6000030d7100, L_0x6000030d7410;
LS_0x600002ac3c00_0_28 .concat8 [ 1 1 1 1], L_0x6000030d7720, L_0x6000030d7a30, L_0x6000030d7d40, L_0x6000030d8070;
LS_0x600002ac3c00_1_0 .concat8 [ 4 4 4 4], LS_0x600002ac3c00_0_0, LS_0x600002ac3c00_0_4, LS_0x600002ac3c00_0_8, LS_0x600002ac3c00_0_12;
LS_0x600002ac3c00_1_4 .concat8 [ 4 4 4 4], LS_0x600002ac3c00_0_16, LS_0x600002ac3c00_0_20, LS_0x600002ac3c00_0_24, LS_0x600002ac3c00_0_28;
L_0x600002ac3c00 .concat8 [ 16 16 0 0], LS_0x600002ac3c00_1_0, LS_0x600002ac3c00_1_4;
LS_0x600002ac3ca0_0_0 .concat8 [ 1 1 1 1], L_0x6000030d2370, L_0x6000030d2680, L_0x6000030d2990, L_0x6000030d2ca0;
LS_0x600002ac3ca0_0_4 .concat8 [ 1 1 1 1], L_0x6000030d2fb0, L_0x6000030d3330, L_0x6000030d35d0, L_0x6000030d38e0;
LS_0x600002ac3ca0_0_8 .concat8 [ 1 1 1 1], L_0x6000030d3bf0, L_0x6000030d3f00, L_0x6000030d4230, L_0x6000030d4540;
LS_0x600002ac3ca0_0_12 .concat8 [ 1 1 1 1], L_0x6000030d4850, L_0x6000030d4b60, L_0x6000030d4e70, L_0x6000030d5180;
LS_0x600002ac3ca0_0_16 .concat8 [ 1 1 1 1], L_0x6000030d5490, L_0x6000030d57a0, L_0x6000030d5ab0, L_0x6000030d5dc0;
LS_0x600002ac3ca0_0_20 .concat8 [ 1 1 1 1], L_0x6000030d60d0, L_0x6000030d63e0, L_0x6000030d66f0, L_0x6000030d6a00;
LS_0x600002ac3ca0_0_24 .concat8 [ 1 1 1 1], L_0x6000030d6d10, L_0x6000030d7020, L_0x6000030d7330, L_0x6000030d7640;
LS_0x600002ac3ca0_0_28 .concat8 [ 1 1 1 1], L_0x6000030d7950, L_0x6000030d7c60, L_0x6000030d7f70, L_0x6000030d82a0;
LS_0x600002ac3ca0_1_0 .concat8 [ 4 4 4 4], LS_0x600002ac3ca0_0_0, LS_0x600002ac3ca0_0_4, LS_0x600002ac3ca0_0_8, LS_0x600002ac3ca0_0_12;
LS_0x600002ac3ca0_1_4 .concat8 [ 4 4 4 4], LS_0x600002ac3ca0_0_16, LS_0x600002ac3ca0_0_20, LS_0x600002ac3ca0_0_24, LS_0x600002ac3ca0_0_28;
L_0x600002ac3ca0 .concat8 [ 16 16 0 0], LS_0x600002ac3ca0_1_0, LS_0x600002ac3ca0_1_4;
L_0x600002ac3d40 .part L_0x600002ac3ca0, 31, 1;
S_0x7fe8a7b35980 .scope generate, "generate_N_bit_Adder[0]" "generate_N_bit_Adder[0]" 2 17, 2 17 0, S_0x7fe8a79043d0;
 .timescale 0 0;
P_0x600000ed7c80 .param/l "i" 0 2 17, +C4<00>;
S_0x7fe8a7b264c0 .scope generate, "genblk2" "genblk2" 2 19, 2 19 0, S_0x7fe8a7b35980;
 .timescale 0 0;
S_0x7fe8a7b26630 .scope module, "f" "half_adder" 2 20, 2 29 0, S_0x7fe8a7b264c0;
 .timescale 0 0;
    .port_info 0 /INPUT 1 "a";
    .port_info 1 /INPUT 1 "b";
    .port_info 2 /OUTPUT 1 "s";
    .port_info 3 /OUTPUT 1 "c";
L_0x6000030d2300 .functor XOR 1, L_0x600002ac00a0, L_0x600002ac0140, C4<0>, C4<0>;
L_0x6000030d2370 .functor AND 1, L_0x600002ac00a0, L_0x600002ac0140, C4<1>, C4<1>;
v0x6000029d0b40_0 .net "a", 0 0, L_0x600002ac00a0;  1 drivers
v0x6000029d0480_0 .net "b", 0 0, L_0x600002ac0140;  1 drivers
v0x6000029d2760_0 .net "c", 0 0, L_0x6000030d2370;  1 drivers
v0x6000029d27f0_0 .net "s", 0 0, L_0x6000030d2300;  1 drivers
S_0x7fe8a7b267a0 .scope generate, "generate_N_bit_Adder[1]" "generate_N_bit_Adder[1]" 2 17, 2 17 0, S_0x7fe8a79043d0;
 .timescale 0 0;
P_0x600000ed7d00 .param/l "i" 0 2 17, +C4<01>;
S_0x7fe8a7b26910 .scope generate, "genblk3" "genblk3" 2 19, 2 19 0, S_0x7fe8a7b267a0;
 .timescale 0 0;
S_0x7fe8a7b1cbc0 .scope module, "f" "full_adder" 2 22, 2 37 0, S_0x7fe8a7b26910;
 .timescale 0 0;
    .port_info 0 /INPUT 1 "a";
    .port_info 1 /INPUT 1 "b";
    .port_info 2 /INPUT 1 "c_in";
    .port_info 3 /OUTPUT 1 "s";
    .port_info 4 /OUTPUT 1 "c_out";
L_0x6000030d23e0 .functor XOR 1, L_0x600002ac01e0, L_0x600002ac0280, C4<0>, C4<0>;
L_0x6000030d2450 .functor XOR 1, L_0x6000030d23e0, L_0x600002ac0320, C4<0>, C4<0>;
L_0x6000030d24c0 .functor AND 1, L_0x600002ac01e0, L_0x600002ac0280, C4<1>, C4<1>;
L_0x6000030d2530 .functor AND 1, L_0x600002ac0280, L_0x600002ac0320, C4<1>, C4<1>;
L_0x6000030d25a0 .functor OR 1, L_0x6000030d24c0, L_0x6000030d2530, C4<0>, C4<0>;
L_0x6000030d2610 .functor AND 1, L_0x600002ac0320, L_0x600002ac01e0, C4<1>, C4<1>;
L_0x6000030d2680 .functor OR 1, L_0x6000030d25a0, L_0x6000030d2610, C4<0>, C4<0>;
v0x6000029d2880_0 .net *"_ivl_0", 0 0, L_0x6000030d23e0;  1 drivers
v0x6000029d2910_0 .net *"_ivl_10", 0 0, L_0x6000030d2610;  1 drivers
v0x6000029d29a0_0 .net *"_ivl_4", 0 0, L_0x6000030d24c0;  1 drivers
v0x6000029d2a30_0 .net *"_ivl_6", 0 0, L_0x6000030d2530;  1 drivers
v0x6000029d2ac0_0 .net *"_ivl_8", 0 0, L_0x6000030d25a0;  1 drivers
v0x6000029d2b50_0 .net "a", 0 0, L_0x600002ac01e0;  1 drivers
v0x6000029d2be0_0 .net "b", 0 0, L_0x600002ac0280;  1 drivers
v0x6000029d2c70_0 .net "c_in", 0 0, L_0x600002ac0320;  1 drivers
v0x6000029d2d00_0 .net "c_out", 0 0, L_0x6000030d2680;  1 drivers
v0x6000029d2d90_0 .net "s", 0 0, L_0x6000030d2450;  1 drivers
S_0x7fe8a7b1cd30 .scope generate, "generate_N_bit_Adder[2]" "generate_N_bit_Adder[2]" 2 17, 2 17 0, S_0x7fe8a79043d0;
 .timescale 0 0;
P_0x600000ed7d80 .param/l "i" 0 2 17, +C4<010>;
S_0x7fe8a7b1cea0 .scope generate, "genblk3" "genblk3" 2 19, 2 19 0, S_0x7fe8a7b1cd30;
 .timescale 0 0;
S_0x7fe8a7b1d010 .scope module, "f" "full_adder" 2 22, 2 37 0, S_0x7fe8a7b1cea0;
 .timescale 0 0;
    .port_info 0 /INPUT 1 "a";
    .port_info 1 /INPUT 1 "b";
    .port_info 2 /INPUT 1 "c_in";
    .port_info 3 /OUTPUT 1 "s";
    .port_info 4 /OUTPUT 1 "c_out";
L_0x6000030d26f0 .functor XOR 1, L_0x600002ac03c0, L_0x600002ac0460, C4<0>, C4<0>;
L_0x6000030d2760 .functor XOR 1, L_0x6000030d26f0, L_0x600002ac0500, C4<0>, C4<0>;
L_0x6000030d27d0 .functor AND 1, L_0x600002ac03c0, L_0x600002ac0460, C4<1>, C4<1>;
L_0x6000030d2840 .functor AND 1, L_0x600002ac0460, L_0x600002ac0500, C4<1>, C4<1>;
L_0x6000030d28b0 .functor OR 1, L_0x6000030d27d0, L_0x6000030d2840, C4<0>, C4<0>;
L_0x6000030d2920 .functor AND 1, L_0x600002ac0500, L_0x600002ac03c0, C4<1>, C4<1>;
L_0x6000030d2990 .functor OR 1, L_0x6000030d28b0, L_0x6000030d2920, C4<0>, C4<0>;
v0x6000029d2e20_0 .net *"_ivl_0", 0 0, L_0x6000030d26f0;  1 drivers
v0x6000029d2eb0_0 .net *"_ivl_10", 0 0, L_0x6000030d2920;  1 drivers
v0x6000029d2f40_0 .net *"_ivl_4", 0 0, L_0x6000030d27d0;  1 drivers
v0x6000029d2fd0_0 .net *"_ivl_6", 0 0, L_0x6000030d2840;  1 drivers
v0x6000029d3060_0 .net *"_ivl_8", 0 0, L_0x6000030d28b0;  1 drivers
v0x6000029d30f0_0 .net "a", 0 0, L_0x600002ac03c0;  1 drivers
v0x6000029d3180_0 .net "b", 0 0, L_0x600002ac0460;  1 drivers
v0x6000029d3210_0 .net "c_in", 0 0, L_0x600002ac0500;  1 drivers
v0x6000029d32a0_0 .net "c_out", 0 0, L_0x6000030d2990;  1 drivers
v0x6000029d3330_0 .net "s", 0 0, L_0x6000030d2760;  1 drivers
S_0x7fe8a7b25800 .scope generate, "generate_N_bit_Adder[3]" "generate_N_bit_Adder[3]" 2 17, 2 17 0, S_0x7fe8a79043d0;
 .timescale 0 0;
P_0x600000ed7e00 .param/l "i" 0 2 17, +C4<011>;
S_0x7fe8a7b25970 .scope generate, "genblk3" "genblk3" 2 19, 2 19 0, S_0x7fe8a7b25800;
 .timescale 0 0;
S_0x7fe8a7b25ae0 .scope module, "f" "full_adder" 2 22, 2 37 0, S_0x7fe8a7b25970;
 .timescale 0 0;
    .port_info 0 /INPUT 1 "a";
    .port_info 1 /INPUT 1 "b";
    .port_info 2 /INPUT 1 "c_in";
    .port_info 3 /OUTPUT 1 "s";
    .port_info 4 /OUTPUT 1 "c_out";
L_0x6000030d2a00 .functor XOR 1, L_0x600002ac05a0, L_0x600002ac0640, C4<0>, C4<0>;
L_0x6000030d2a70 .functor XOR 1, L_0x6000030d2a00, L_0x600002ac06e0, C4<0>, C4<0>;
L_0x6000030d2ae0 .functor AND 1, L_0x600002ac05a0, L_0x600002ac0640, C4<1>, C4<1>;
L_0x6000030d2b50 .functor AND 1, L_0x600002ac0640, L_0x600002ac06e0, C4<1>, C4<1>;
L_0x6000030d2bc0 .functor OR 1, L_0x6000030d2ae0, L_0x6000030d2b50, C4<0>, C4<0>;
L_0x6000030d2c30 .functor AND 1, L_0x600002ac06e0, L_0x600002ac05a0, C4<1>, C4<1>;
L_0x6000030d2ca0 .functor OR 1, L_0x6000030d2bc0, L_0x6000030d2c30, C4<0>, C4<0>;
v0x6000029d33c0_0 .net *"_ivl_0", 0 0, L_0x6000030d2a00;  1 drivers
v0x6000029d3450_0 .net *"_ivl_10", 0 0, L_0x6000030d2c30;  1 drivers
v0x6000029d34e0_0 .net *"_ivl_4", 0 0, L_0x6000030d2ae0;  1 drivers
v0x6000029d3570_0 .net *"_ivl_6", 0 0, L_0x6000030d2b50;  1 drivers
v0x6000029d3600_0 .net *"_ivl_8", 0 0, L_0x6000030d2bc0;  1 drivers
v0x6000029d3690_0 .net "a", 0 0, L_0x600002ac05a0;  1 drivers
v0x6000029d3720_0 .net "b", 0 0, L_0x600002ac0640;  1 drivers
v0x6000029d37b0_0 .net "c_in", 0 0, L_0x600002ac06e0;  1 drivers
v0x6000029d3840_0 .net "c_out", 0 0, L_0x6000030d2ca0;  1 drivers
v0x6000029d38d0_0 .net "s", 0 0, L_0x6000030d2a70;  1 drivers
S_0x7fe8a7b25c50 .scope generate, "generate_N_bit_Adder[4]" "generate_N_bit_Adder[4]" 2 17, 2 17 0, S_0x7fe8a79043d0;
 .timescale 0 0;
P_0x600000ed7ec0 .param/l "i" 0 2 17, +C4<0100>;
S_0x7fe8a7b24b40 .scope generate, "genblk3" "genblk3" 2 19, 2 19 0, S_0x7fe8a7b25c50;
 .timescale 0 0;
S_0x7fe8a7b24cb0 .scope module, "f" "full_adder" 2 22, 2 37 0, S_0x7fe8a7b24b40;
 .timescale 0 0;
    .port_info 0 /INPUT 1 "a";
    .port_info 1 /INPUT 1 "b";
    .port_info 2 /INPUT 1 "c_in";
    .port_info 3 /OUTPUT 1 "s";
    .port_info 4 /OUTPUT 1 "c_out";
L_0x6000030d2d10 .functor XOR 1, L_0x600002ac0780, L_0x600002ac0820, C4<0>, C4<0>;
L_0x6000030d2d80 .functor XOR 1, L_0x6000030d2d10, L_0x600002ac08c0, C4<0>, C4<0>;
L_0x6000030d2df0 .functor AND 1, L_0x600002ac0780, L_0x600002ac0820, C4<1>, C4<1>;
L_0x6000030d2e60 .functor AND 1, L_0x600002ac0820, L_0x600002ac08c0, C4<1>, C4<1>;
L_0x6000030d2ed0 .functor OR 1, L_0x6000030d2df0, L_0x6000030d2e60, C4<0>, C4<0>;
L_0x6000030d2f40 .functor AND 1, L_0x600002ac08c0, L_0x600002ac0780, C4<1>, C4<1>;
L_0x6000030d2fb0 .functor OR 1, L_0x6000030d2ed0, L_0x6000030d2f40, C4<0>, C4<0>;
v0x6000029d3960_0 .net *"_ivl_0", 0 0, L_0x6000030d2d10;  1 drivers
v0x6000029d39f0_0 .net *"_ivl_10", 0 0, L_0x6000030d2f40;  1 drivers
v0x6000029d3a80_0 .net *"_ivl_4", 0 0, L_0x6000030d2df0;  1 drivers
v0x6000029d3b10_0 .net *"_ivl_6", 0 0, L_0x6000030d2e60;  1 drivers
v0x6000029d3ba0_0 .net *"_ivl_8", 0 0, L_0x6000030d2ed0;  1 drivers
v0x6000029d3c30_0 .net "a", 0 0, L_0x600002ac0780;  1 drivers
v0x6000029d3cc0_0 .net "b", 0 0, L_0x600002ac0820;  1 drivers
v0x6000029d3d50_0 .net "c_in", 0 0, L_0x600002ac08c0;  1 drivers
v0x6000029d3de0_0 .net "c_out", 0 0, L_0x6000030d2fb0;  1 drivers
v0x6000029d3e70_0 .net "s", 0 0, L_0x6000030d2d80;  1 drivers
S_0x7fe8a7b24e20 .scope generate, "generate_N_bit_Adder[5]" "generate_N_bit_Adder[5]" 2 17, 2 17 0, S_0x7fe8a79043d0;
 .timescale 0 0;
P_0x600000ed7f40 .param/l "i" 0 2 17, +C4<0101>;
S_0x7fe8a7b24f90 .scope generate, "genblk3" "genblk3" 2 19, 2 19 0, S_0x7fe8a7b24e20;
 .timescale 0 0;
S_0x7fe8a7b23e80 .scope module, "f" "full_adder" 2 22, 2 37 0, S_0x7fe8a7b24f90;
 .timescale 0 0;
    .port_info 0 /INPUT 1 "a";
    .port_info 1 /INPUT 1 "b";
    .port_info 2 /INPUT 1 "c_in";
    .port_info 3 /OUTPUT 1 "s";
    .port_info 4 /OUTPUT 1 "c_out";
L_0x6000030d3090 .functor XOR 1, L_0x600002ac0960, L_0x600002ac0a00, C4<0>, C4<0>;
L_0x6000030d3100 .functor XOR 1, L_0x6000030d3090, L_0x600002ac0aa0, C4<0>, C4<0>;
L_0x6000030d3170 .functor AND 1, L_0x600002ac0960, L_0x600002ac0a00, C4<1>, C4<1>;
L_0x6000030d31e0 .functor AND 1, L_0x600002ac0a00, L_0x600002ac0aa0, C4<1>, C4<1>;
L_0x6000030d3250 .functor OR 1, L_0x6000030d3170, L_0x6000030d31e0, C4<0>, C4<0>;
L_0x6000030d32c0 .functor AND 1, L_0x600002ac0aa0, L_0x600002ac0960, C4<1>, C4<1>;
L_0x6000030d3330 .functor OR 1, L_0x6000030d3250, L_0x6000030d32c0, C4<0>, C4<0>;
v0x6000029d3f00_0 .net *"_ivl_0", 0 0, L_0x6000030d3090;  1 drivers
v0x6000029cfde0_0 .net *"_ivl_10", 0 0, L_0x6000030d32c0;  1 drivers
v0x6000029cf720_0 .net *"_ivl_4", 0 0, L_0x6000030d3170;  1 drivers
v0x6000029cf060_0 .net *"_ivl_6", 0 0, L_0x6000030d31e0;  1 drivers
v0x6000029ce9a0_0 .net *"_ivl_8", 0 0, L_0x6000030d3250;  1 drivers
v0x6000029ce2e0_0 .net "a", 0 0, L_0x600002ac0960;  1 drivers
v0x6000029cdc20_0 .net "b", 0 0, L_0x600002ac0a00;  1 drivers
v0x6000029cd560_0 .net "c_in", 0 0, L_0x600002ac0aa0;  1 drivers
v0x6000029ccea0_0 .net "c_out", 0 0, L_0x6000030d3330;  1 drivers
v0x6000029cc7e0_0 .net "s", 0 0, L_0x6000030d3100;  1 drivers
S_0x7fe8a7b23ff0 .scope generate, "generate_N_bit_Adder[6]" "generate_N_bit_Adder[6]" 2 17, 2 17 0, S_0x7fe8a79043d0;
 .timescale 0 0;
P_0x600000ed7fc0 .param/l "i" 0 2 17, +C4<0110>;
S_0x7fe8a7b24160 .scope generate, "genblk3" "genblk3" 2 19, 2 19 0, S_0x7fe8a7b23ff0;
 .timescale 0 0;
S_0x7fe8a7b242d0 .scope module, "f" "full_adder" 2 22, 2 37 0, S_0x7fe8a7b24160;
 .timescale 0 0;
    .port_info 0 /INPUT 1 "a";
    .port_info 1 /INPUT 1 "b";
    .port_info 2 /INPUT 1 "c_in";
    .port_info 3 /OUTPUT 1 "s";
    .port_info 4 /OUTPUT 1 "c_out";
L_0x6000030d3020 .functor XOR 1, L_0x600002ac0b40, L_0x600002ac0be0, C4<0>, C4<0>;
L_0x6000030d33a0 .functor XOR 1, L_0x6000030d3020, L_0x600002ac0d20, C4<0>, C4<0>;
L_0x6000030d3410 .functor AND 1, L_0x600002ac0b40, L_0x600002ac0be0, C4<1>, C4<1>;
L_0x6000030d3480 .functor AND 1, L_0x600002ac0be0, L_0x600002ac0d20, C4<1>, C4<1>;
L_0x6000030d34f0 .functor OR 1, L_0x6000030d3410, L_0x6000030d3480, C4<0>, C4<0>;
L_0x6000030d3560 .functor AND 1, L_0x600002ac0d20, L_0x600002ac0b40, C4<1>, C4<1>;
L_0x6000030d35d0 .functor OR 1, L_0x6000030d34f0, L_0x6000030d3560, C4<0>, C4<0>;
v0x6000029cc120_0 .net *"_ivl_0", 0 0, L_0x6000030d3020;  1 drivers
v0x6000029cfd50_0 .net *"_ivl_10", 0 0, L_0x6000030d3560;  1 drivers
v0x6000029cf690_0 .net *"_ivl_4", 0 0, L_0x6000030d3410;  1 drivers
v0x6000029cefd0_0 .net *"_ivl_6", 0 0, L_0x6000030d3480;  1 drivers
v0x6000029ce910_0 .net *"_ivl_8", 0 0, L_0x6000030d34f0;  1 drivers
v0x6000029ce250_0 .net "a", 0 0, L_0x600002ac0b40;  1 drivers
v0x6000029cdb90_0 .net "b", 0 0, L_0x600002ac0be0;  1 drivers
v0x6000029cd4d0_0 .net "c_in", 0 0, L_0x600002ac0d20;  1 drivers
v0x6000029cce10_0 .net "c_out", 0 0, L_0x6000030d35d0;  1 drivers
v0x6000029cc750_0 .net "s", 0 0, L_0x6000030d33a0;  1 drivers
S_0x7fe8a7b231c0 .scope generate, "generate_N_bit_Adder[7]" "generate_N_bit_Adder[7]" 2 17, 2 17 0, S_0x7fe8a79043d0;
 .timescale 0 0;
P_0x600000ed8040 .param/l "i" 0 2 17, +C4<0111>;
S_0x7fe8a7b23330 .scope generate, "genblk3" "genblk3" 2 19, 2 19 0, S_0x7fe8a7b231c0;
 .timescale 0 0;
S_0x7fe8a7b234a0 .scope module, "f" "full_adder" 2 22, 2 37 0, S_0x7fe8a7b23330;
 .timescale 0 0;
    .port_info 0 /INPUT 1 "a";
    .port_info 1 /INPUT 1 "b";
    .port_info 2 /INPUT 1 "c_in";
    .port_info 3 /OUTPUT 1 "s";
    .port_info 4 /OUTPUT 1 "c_out";
L_0x6000030d3640 .functor XOR 1, L_0x600002ac0dc0, L_0x600002ac0c80, C4<0>, C4<0>;
L_0x6000030d36b0 .functor XOR 1, L_0x6000030d3640, L_0x600002ac0e60, C4<0>, C4<0>;
L_0x6000030d3720 .functor AND 1, L_0x600002ac0dc0, L_0x600002ac0c80, C4<1>, C4<1>;
L_0x6000030d3790 .functor AND 1, L_0x600002ac0c80, L_0x600002ac0e60, C4<1>, C4<1>;
L_0x6000030d3800 .functor OR 1, L_0x6000030d3720, L_0x6000030d3790, C4<0>, C4<0>;
L_0x6000030d3870 .functor AND 1, L_0x600002ac0e60, L_0x600002ac0dc0, C4<1>, C4<1>;
L_0x6000030d38e0 .functor OR 1, L_0x6000030d3800, L_0x6000030d3870, C4<0>, C4<0>;
v0x6000029cc090_0 .net *"_ivl_0", 0 0, L_0x6000030d3640;  1 drivers
v0x6000029cb9f0_0 .net *"_ivl_10", 0 0, L_0x6000030d3870;  1 drivers
v0x6000029cb330_0 .net *"_ivl_4", 0 0, L_0x6000030d3720;  1 drivers
v0x6000029cac70_0 .net *"_ivl_6", 0 0, L_0x6000030d3790;  1 drivers
v0x6000029ca5b0_0 .net *"_ivl_8", 0 0, L_0x6000030d3800;  1 drivers
v0x6000029c9ef0_0 .net "a", 0 0, L_0x600002ac0dc0;  1 drivers
v0x6000029c9830_0 .net "b", 0 0, L_0x600002ac0c80;  1 drivers
v0x6000029c9170_0 .net "c_in", 0 0, L_0x600002ac0e60;  1 drivers
v0x6000029c8ab0_0 .net "c_out", 0 0, L_0x6000030d38e0;  1 drivers
v0x6000029c83f0_0 .net "s", 0 0, L_0x6000030d36b0;  1 drivers
S_0x7fe8a7b23610 .scope generate, "generate_N_bit_Adder[8]" "generate_N_bit_Adder[8]" 2 17, 2 17 0, S_0x7fe8a79043d0;
 .timescale 0 0;
P_0x600000ed80c0 .param/l "i" 0 2 17, +C4<01000>;
S_0x7fe8a7b22500 .scope generate, "genblk3" "genblk3" 2 19, 2 19 0, S_0x7fe8a7b23610;
 .timescale 0 0;
S_0x7fe8a7b22670 .scope module, "f" "full_adder" 2 22, 2 37 0, S_0x7fe8a7b22500;
 .timescale 0 0;
    .port_info 0 /INPUT 1 "a";
    .port_info 1 /INPUT 1 "b";
    .port_info 2 /INPUT 1 "c_in";
    .port_info 3 /OUTPUT 1 "s";
    .port_info 4 /OUTPUT 1 "c_out";
L_0x6000030d3950 .functor XOR 1, L_0x600002ac0f00, L_0x600002ac0fa0, C4<0>, C4<0>;
L_0x6000030d39c0 .functor XOR 1, L_0x6000030d3950, L_0x600002ac1040, C4<0>, C4<0>;
L_0x6000030d3a30 .functor AND 1, L_0x600002ac0f00, L_0x600002ac0fa0, C4<1>, C4<1>;
L_0x6000030d3aa0 .functor AND 1, L_0x600002ac0fa0, L_0x600002ac1040, C4<1>, C4<1>;
L_0x6000030d3b10 .functor OR 1, L_0x6000030d3a30, L_0x6000030d3aa0, C4<0>, C4<0>;
L_0x6000030d3b80 .functor AND 1, L_0x600002ac1040, L_0x600002ac0f00, C4<1>, C4<1>;
L_0x6000030d3bf0 .functor OR 1, L_0x6000030d3b10, L_0x6000030d3b80, C4<0>, C4<0>;
v0x6000029cb960_0 .net *"_ivl_0", 0 0, L_0x6000030d3950;  1 drivers
v0x6000029cb2a0_0 .net *"_ivl_10", 0 0, L_0x6000030d3b80;  1 drivers
v0x6000029cabe0_0 .net *"_ivl_4", 0 0, L_0x6000030d3a30;  1 drivers
v0x6000029ca520_0 .net *"_ivl_6", 0 0, L_0x6000030d3aa0;  1 drivers
v0x6000029c9e60_0 .net *"_ivl_8", 0 0, L_0x6000030d3b10;  1 drivers
v0x6000029c97a0_0 .net "a", 0 0, L_0x600002ac0f00;  1 drivers
v0x6000029c90e0_0 .net "b", 0 0, L_0x600002ac0fa0;  1 drivers
v0x6000029c8a20_0 .net "c_in", 0 0, L_0x600002ac1040;  1 drivers
v0x6000029c8360_0 .net "c_out", 0 0, L_0x6000030d3bf0;  1 drivers
v0x6000029c7cc0_0 .net "s", 0 0, L_0x6000030d39c0;  1 drivers
S_0x7fe8a7b227e0 .scope generate, "generate_N_bit_Adder[9]" "generate_N_bit_Adder[9]" 2 17, 2 17 0, S_0x7fe8a79043d0;
 .timescale 0 0;
P_0x600000ed8140 .param/l "i" 0 2 17, +C4<01001>;
S_0x7fe8a7b22950 .scope generate, "genblk3" "genblk3" 2 19, 2 19 0, S_0x7fe8a7b227e0;
 .timescale 0 0;
S_0x7fe8a7b21840 .scope module, "f" "full_adder" 2 22, 2 37 0, S_0x7fe8a7b22950;
 .timescale 0 0;
    .port_info 0 /INPUT 1 "a";
    .port_info 1 /INPUT 1 "b";
    .port_info 2 /INPUT 1 "c_in";
    .port_info 3 /OUTPUT 1 "s";
    .port_info 4 /OUTPUT 1 "c_out";
L_0x6000030d3c60 .functor XOR 1, L_0x600002ac10e0, L_0x600002ac1180, C4<0>, C4<0>;
L_0x6000030d3cd0 .functor XOR 1, L_0x6000030d3c60, L_0x600002ac1220, C4<0>, C4<0>;
L_0x6000030d3d40 .functor AND 1, L_0x600002ac10e0, L_0x600002ac1180, C4<1>, C4<1>;
L_0x6000030d3db0 .functor AND 1, L_0x600002ac1180, L_0x600002ac1220, C4<1>, C4<1>;
L_0x6000030d3e20 .functor OR 1, L_0x6000030d3d40, L_0x6000030d3db0, C4<0>, C4<0>;
L_0x6000030d3e90 .functor AND 1, L_0x600002ac1220, L_0x600002ac10e0, C4<1>, C4<1>;
L_0x6000030d3f00 .functor OR 1, L_0x6000030d3e20, L_0x6000030d3e90, C4<0>, C4<0>;
v0x6000029c7600_0 .net *"_ivl_0", 0 0, L_0x6000030d3c60;  1 drivers
v0x6000029c6f40_0 .net *"_ivl_10", 0 0, L_0x6000030d3e90;  1 drivers
v0x6000029c6880_0 .net *"_ivl_4", 0 0, L_0x6000030d3d40;  1 drivers
v0x6000029c61c0_0 .net *"_ivl_6", 0 0, L_0x6000030d3db0;  1 drivers
v0x6000029c5b00_0 .net *"_ivl_8", 0 0, L_0x6000030d3e20;  1 drivers
v0x6000029c5440_0 .net "a", 0 0, L_0x600002ac10e0;  1 drivers
v0x6000029c7c30_0 .net "b", 0 0, L_0x600002ac1180;  1 drivers
v0x6000029c7570_0 .net "c_in", 0 0, L_0x600002ac1220;  1 drivers
v0x6000029c6eb0_0 .net "c_out", 0 0, L_0x6000030d3f00;  1 drivers
v0x6000029c67f0_0 .net "s", 0 0, L_0x6000030d3cd0;  1 drivers
S_0x7fe8a7b219b0 .scope generate, "generate_N_bit_Adder[10]" "generate_N_bit_Adder[10]" 2 17, 2 17 0, S_0x7fe8a79043d0;
 .timescale 0 0;
P_0x600000ed81c0 .param/l "i" 0 2 17, +C4<01010>;
S_0x7fe8a7b21b20 .scope generate, "genblk3" "genblk3" 2 19, 2 19 0, S_0x7fe8a7b219b0;
 .timescale 0 0;
S_0x7fe8a7b21c90 .scope module, "f" "full_adder" 2 22, 2 37 0, S_0x7fe8a7b21b20;
 .timescale 0 0;
    .port_info 0 /INPUT 1 "a";
    .port_info 1 /INPUT 1 "b";
    .port_info 2 /INPUT 1 "c_in";
    .port_info 3 /OUTPUT 1 "s";
    .port_info 4 /OUTPUT 1 "c_out";
L_0x6000030d3f70 .functor XOR 1, L_0x600002ac12c0, L_0x600002ac1360, C4<0>, C4<0>;
L_0x6000030d4000 .functor XOR 1, L_0x6000030d3f70, L_0x600002ac1400, C4<0>, C4<0>;
L_0x6000030d4070 .functor AND 1, L_0x600002ac12c0, L_0x600002ac1360, C4<1>, C4<1>;
L_0x6000030d40e0 .functor AND 1, L_0x600002ac1360, L_0x600002ac1400, C4<1>, C4<1>;
L_0x6000030d4150 .functor OR 1, L_0x6000030d4070, L_0x6000030d40e0, C4<0>, C4<0>;
L_0x6000030d41c0 .functor AND 1, L_0x600002ac1400, L_0x600002ac12c0, C4<1>, C4<1>;
L_0x6000030d4230 .functor OR 1, L_0x6000030d4150, L_0x6000030d41c0, C4<0>, C4<0>;
v0x6000029c6130_0 .net *"_ivl_0", 0 0, L_0x6000030d3f70;  1 drivers
v0x6000029c5a70_0 .net *"_ivl_10", 0 0, L_0x6000030d41c0;  1 drivers
v0x6000029c53b0_0 .net *"_ivl_4", 0 0, L_0x6000030d4070;  1 drivers
v0x6000029d4000_0 .net *"_ivl_6", 0 0, L_0x6000030d40e0;  1 drivers
v0x6000029d4090_0 .net *"_ivl_8", 0 0, L_0x6000030d4150;  1 drivers
v0x6000029d4120_0 .net "a", 0 0, L_0x600002ac12c0;  1 drivers
v0x6000029d41b0_0 .net "b", 0 0, L_0x600002ac1360;  1 drivers
v0x6000029d4240_0 .net "c_in", 0 0, L_0x600002ac1400;  1 drivers
v0x6000029d42d0_0 .net "c_out", 0 0, L_0x6000030d4230;  1 drivers
v0x6000029d4360_0 .net "s", 0 0, L_0x6000030d4000;  1 drivers
S_0x7fe8a7b20b80 .scope generate, "generate_N_bit_Adder[11]" "generate_N_bit_Adder[11]" 2 17, 2 17 0, S_0x7fe8a79043d0;
 .timescale 0 0;
P_0x600000ed8240 .param/l "i" 0 2 17, +C4<01011>;
S_0x7fe8a7b20cf0 .scope generate, "genblk3" "genblk3" 2 19, 2 19 0, S_0x7fe8a7b20b80;
 .timescale 0 0;
S_0x7fe8a7b20e60 .scope module, "f" "full_adder" 2 22, 2 37 0, S_0x7fe8a7b20cf0;
 .timescale 0 0;
    .port_info 0 /INPUT 1 "a";
    .port_info 1 /INPUT 1 "b";
    .port_info 2 /INPUT 1 "c_in";
    .port_info 3 /OUTPUT 1 "s";
    .port_info 4 /OUTPUT 1 "c_out";
L_0x6000030d42a0 .functor XOR 1, L_0x600002ac14a0, L_0x600002ac1540, C4<0>, C4<0>;
L_0x6000030d4310 .functor XOR 1, L_0x6000030d42a0, L_0x600002ac15e0, C4<0>, C4<0>;
L_0x6000030d4380 .functor AND 1, L_0x600002ac14a0, L_0x600002ac1540, C4<1>, C4<1>;
L_0x6000030d43f0 .functor AND 1, L_0x600002ac1540, L_0x600002ac15e0, C4<1>, C4<1>;
L_0x6000030d4460 .functor OR 1, L_0x6000030d4380, L_0x6000030d43f0, C4<0>, C4<0>;
L_0x6000030d44d0 .functor AND 1, L_0x600002ac15e0, L_0x600002ac14a0, C4<1>, C4<1>;
L_0x6000030d4540 .functor OR 1, L_0x6000030d4460, L_0x6000030d44d0, C4<0>, C4<0>;
v0x6000029d43f0_0 .net *"_ivl_0", 0 0, L_0x6000030d42a0;  1 drivers
v0x6000029d4480_0 .net *"_ivl_10", 0 0, L_0x6000030d44d0;  1 drivers
v0x6000029d4510_0 .net *"_ivl_4", 0 0, L_0x6000030d4380;  1 drivers
v0x6000029d45a0_0 .net *"_ivl_6", 0 0, L_0x6000030d43f0;  1 drivers
v0x6000029d4630_0 .net *"_ivl_8", 0 0, L_0x6000030d4460;  1 drivers
v0x6000029d46c0_0 .net "a", 0 0, L_0x600002ac14a0;  1 drivers
v0x6000029d4750_0 .net "b", 0 0, L_0x600002ac1540;  1 drivers
v0x6000029d47e0_0 .net "c_in", 0 0, L_0x600002ac15e0;  1 drivers
v0x6000029d4870_0 .net "c_out", 0 0, L_0x6000030d4540;  1 drivers
v0x6000029d4900_0 .net "s", 0 0, L_0x6000030d4310;  1 drivers
S_0x7fe8a7b20fd0 .scope generate, "generate_N_bit_Adder[12]" "generate_N_bit_Adder[12]" 2 17, 2 17 0, S_0x7fe8a79043d0;
 .timescale 0 0;
P_0x600000ed82c0 .param/l "i" 0 2 17, +C4<01100>;
S_0x7fe8a7b1bf00 .scope generate, "genblk3" "genblk3" 2 19, 2 19 0, S_0x7fe8a7b20fd0;
 .timescale 0 0;
S_0x7fe8a7b1c070 .scope module, "f" "full_adder" 2 22, 2 37 0, S_0x7fe8a7b1bf00;
 .timescale 0 0;
    .port_info 0 /INPUT 1 "a";
    .port_info 1 /INPUT 1 "b";
    .port_info 2 /INPUT 1 "c_in";
    .port_info 3 /OUTPUT 1 "s";
    .port_info 4 /OUTPUT 1 "c_out";
L_0x6000030d45b0 .functor XOR 1, L_0x600002ac1680, L_0x600002ac1720, C4<0>, C4<0>;
L_0x6000030d4620 .functor XOR 1, L_0x6000030d45b0, L_0x600002ac17c0, C4<0>, C4<0>;
L_0x6000030d4690 .functor AND 1, L_0x600002ac1680, L_0x600002ac1720, C4<1>, C4<1>;
L_0x6000030d4700 .functor AND 1, L_0x600002ac1720, L_0x600002ac17c0, C4<1>, C4<1>;
L_0x6000030d4770 .functor OR 1, L_0x6000030d4690, L_0x6000030d4700, C4<0>, C4<0>;
L_0x6000030d47e0 .functor AND 1, L_0x600002ac17c0, L_0x600002ac1680, C4<1>, C4<1>;
L_0x6000030d4850 .functor OR 1, L_0x6000030d4770, L_0x6000030d47e0, C4<0>, C4<0>;
v0x6000029d4990_0 .net *"_ivl_0", 0 0, L_0x6000030d45b0;  1 drivers
v0x6000029d4a20_0 .net *"_ivl_10", 0 0, L_0x6000030d47e0;  1 drivers
v0x6000029d4ab0_0 .net *"_ivl_4", 0 0, L_0x6000030d4690;  1 drivers
v0x6000029d4b40_0 .net *"_ivl_6", 0 0, L_0x6000030d4700;  1 drivers
v0x6000029d4bd0_0 .net *"_ivl_8", 0 0, L_0x6000030d4770;  1 drivers
v0x6000029d4c60_0 .net "a", 0 0, L_0x600002ac1680;  1 drivers
v0x6000029d4cf0_0 .net "b", 0 0, L_0x600002ac1720;  1 drivers
v0x6000029d4d80_0 .net "c_in", 0 0, L_0x600002ac17c0;  1 drivers
v0x6000029d4e10_0 .net "c_out", 0 0, L_0x6000030d4850;  1 drivers
v0x6000029d4ea0_0 .net "s", 0 0, L_0x6000030d4620;  1 drivers
S_0x7fe8a7b1c1e0 .scope generate, "generate_N_bit_Adder[13]" "generate_N_bit_Adder[13]" 2 17, 2 17 0, S_0x7fe8a79043d0;
 .timescale 0 0;
P_0x600000ed8340 .param/l "i" 0 2 17, +C4<01101>;
S_0x7fe8a7b1c350 .scope generate, "genblk3" "genblk3" 2 19, 2 19 0, S_0x7fe8a7b1c1e0;
 .timescale 0 0;
S_0x7fe8a7b1fec0 .scope module, "f" "full_adder" 2 22, 2 37 0, S_0x7fe8a7b1c350;
 .timescale 0 0;
    .port_info 0 /INPUT 1 "a";
    .port_info 1 /INPUT 1 "b";
    .port_info 2 /INPUT 1 "c_in";
    .port_info 3 /OUTPUT 1 "s";
    .port_info 4 /OUTPUT 1 "c_out";
L_0x6000030d48c0 .functor XOR 1, L_0x600002ac1860, L_0x600002ac1900, C4<0>, C4<0>;
L_0x6000030d4930 .functor XOR 1, L_0x6000030d48c0, L_0x600002ac19a0, C4<0>, C4<0>;
L_0x6000030d49a0 .functor AND 1, L_0x600002ac1860, L_0x600002ac1900, C4<1>, C4<1>;
L_0x6000030d4a10 .functor AND 1, L_0x600002ac1900, L_0x600002ac19a0, C4<1>, C4<1>;
L_0x6000030d4a80 .functor OR 1, L_0x6000030d49a0, L_0x6000030d4a10, C4<0>, C4<0>;
L_0x6000030d4af0 .functor AND 1, L_0x600002ac19a0, L_0x600002ac1860, C4<1>, C4<1>;
L_0x6000030d4b60 .functor OR 1, L_0x6000030d4a80, L_0x6000030d4af0, C4<0>, C4<0>;
v0x6000029d4f30_0 .net *"_ivl_0", 0 0, L_0x6000030d48c0;  1 drivers
v0x6000029d4fc0_0 .net *"_ivl_10", 0 0, L_0x6000030d4af0;  1 drivers
v0x6000029d5050_0 .net *"_ivl_4", 0 0, L_0x6000030d49a0;  1 drivers
v0x6000029d50e0_0 .net *"_ivl_6", 0 0, L_0x6000030d4a10;  1 drivers
v0x6000029d5170_0 .net *"_ivl_8", 0 0, L_0x6000030d4a80;  1 drivers
v0x6000029d5200_0 .net "a", 0 0, L_0x600002ac1860;  1 drivers
v0x6000029d5290_0 .net "b", 0 0, L_0x600002ac1900;  1 drivers
v0x6000029d5320_0 .net "c_in", 0 0, L_0x600002ac19a0;  1 drivers
v0x6000029d53b0_0 .net "c_out", 0 0, L_0x6000030d4b60;  1 drivers
v0x6000029d5440_0 .net "s", 0 0, L_0x6000030d4930;  1 drivers
S_0x7fe8a7b20030 .scope generate, "generate_N_bit_Adder[14]" "generate_N_bit_Adder[14]" 2 17, 2 17 0, S_0x7fe8a79043d0;
 .timescale 0 0;
P_0x600000ed83c0 .param/l "i" 0 2 17, +C4<01110>;
S_0x7fe8a7b201a0 .scope generate, "genblk3" "genblk3" 2 19, 2 19 0, S_0x7fe8a7b20030;
 .timescale 0 0;
S_0x7fe8a7b20310 .scope module, "f" "full_adder" 2 22, 2 37 0, S_0x7fe8a7b201a0;
 .timescale 0 0;
    .port_info 0 /INPUT 1 "a";
    .port_info 1 /INPUT 1 "b";
    .port_info 2 /INPUT 1 "c_in";
    .port_info 3 /OUTPUT 1 "s";
    .port_info 4 /OUTPUT 1 "c_out";
L_0x6000030d4bd0 .functor XOR 1, L_0x600002ac1a40, L_0x600002ac1ae0, C4<0>, C4<0>;
L_0x6000030d4c40 .functor XOR 1, L_0x6000030d4bd0, L_0x600002ac1b80, C4<0>, C4<0>;
L_0x6000030d4cb0 .functor AND 1, L_0x600002ac1a40, L_0x600002ac1ae0, C4<1>, C4<1>;
L_0x6000030d4d20 .functor AND 1, L_0x600002ac1ae0, L_0x600002ac1b80, C4<1>, C4<1>;
L_0x6000030d4d90 .functor OR 1, L_0x6000030d4cb0, L_0x6000030d4d20, C4<0>, C4<0>;
L_0x6000030d4e00 .functor AND 1, L_0x600002ac1b80, L_0x600002ac1a40, C4<1>, C4<1>;
L_0x6000030d4e70 .functor OR 1, L_0x6000030d4d90, L_0x6000030d4e00, C4<0>, C4<0>;
v0x6000029d54d0_0 .net *"_ivl_0", 0 0, L_0x6000030d4bd0;  1 drivers
v0x6000029d5560_0 .net *"_ivl_10", 0 0, L_0x6000030d4e00;  1 drivers
v0x6000029d55f0_0 .net *"_ivl_4", 0 0, L_0x6000030d4cb0;  1 drivers
v0x6000029d5680_0 .net *"_ivl_6", 0 0, L_0x6000030d4d20;  1 drivers
v0x6000029d5710_0 .net *"_ivl_8", 0 0, L_0x6000030d4d90;  1 drivers
v0x6000029d57a0_0 .net "a", 0 0, L_0x600002ac1a40;  1 drivers
v0x6000029d5830_0 .net "b", 0 0, L_0x600002ac1ae0;  1 drivers
v0x6000029d58c0_0 .net "c_in", 0 0, L_0x600002ac1b80;  1 drivers
v0x6000029d5950_0 .net "c_out", 0 0, L_0x6000030d4e70;  1 drivers
v0x6000029d59e0_0 .net "s", 0 0, L_0x6000030d4c40;  1 drivers
S_0x7fe8a7b1f200 .scope generate, "generate_N_bit_Adder[15]" "generate_N_bit_Adder[15]" 2 17, 2 17 0, S_0x7fe8a79043d0;
 .timescale 0 0;
P_0x600000ed8440 .param/l "i" 0 2 17, +C4<01111>;
S_0x7fe8a7b1f370 .scope generate, "genblk3" "genblk3" 2 19, 2 19 0, S_0x7fe8a7b1f200;
 .timescale 0 0;
S_0x7fe8a7b1f4e0 .scope module, "f" "full_adder" 2 22, 2 37 0, S_0x7fe8a7b1f370;
 .timescale 0 0;
    .port_info 0 /INPUT 1 "a";
    .port_info 1 /INPUT 1 "b";
    .port_info 2 /INPUT 1 "c_in";
    .port_info 3 /OUTPUT 1 "s";
    .port_info 4 /OUTPUT 1 "c_out";
L_0x6000030d4ee0 .functor XOR 1, L_0x600002ac1c20, L_0x600002ac1cc0, C4<0>, C4<0>;
L_0x6000030d4f50 .functor XOR 1, L_0x6000030d4ee0, L_0x600002ac1d60, C4<0>, C4<0>;
L_0x6000030d4fc0 .functor AND 1, L_0x600002ac1c20, L_0x600002ac1cc0, C4<1>, C4<1>;
L_0x6000030d5030 .functor AND 1, L_0x600002ac1cc0, L_0x600002ac1d60, C4<1>, C4<1>;
L_0x6000030d50a0 .functor OR 1, L_0x6000030d4fc0, L_0x6000030d5030, C4<0>, C4<0>;
L_0x6000030d5110 .functor AND 1, L_0x600002ac1d60, L_0x600002ac1c20, C4<1>, C4<1>;
L_0x6000030d5180 .functor OR 1, L_0x6000030d50a0, L_0x6000030d5110, C4<0>, C4<0>;
v0x6000029d5a70_0 .net *"_ivl_0", 0 0, L_0x6000030d4ee0;  1 drivers
v0x6000029d5b00_0 .net *"_ivl_10", 0 0, L_0x6000030d5110;  1 drivers
v0x6000029d5b90_0 .net *"_ivl_4", 0 0, L_0x6000030d4fc0;  1 drivers
v0x6000029d5c20_0 .net *"_ivl_6", 0 0, L_0x6000030d5030;  1 drivers
v0x6000029d5cb0_0 .net *"_ivl_8", 0 0, L_0x6000030d50a0;  1 drivers
v0x6000029d5d40_0 .net "a", 0 0, L_0x600002ac1c20;  1 drivers
v0x6000029d5dd0_0 .net "b", 0 0, L_0x600002ac1cc0;  1 drivers
v0x6000029d5e60_0 .net "c_in", 0 0, L_0x600002ac1d60;  1 drivers
v0x6000029d5ef0_0 .net "c_out", 0 0, L_0x6000030d5180;  1 drivers
v0x6000029d5f80_0 .net "s", 0 0, L_0x6000030d4f50;  1 drivers
S_0x7fe8a7b1f650 .scope generate, "generate_N_bit_Adder[16]" "generate_N_bit_Adder[16]" 2 17, 2 17 0, S_0x7fe8a79043d0;
 .timescale 0 0;
P_0x600000ed84c0 .param/l "i" 0 2 17, +C4<010000>;
S_0x7fe8a7b1e540 .scope generate, "genblk3" "genblk3" 2 19, 2 19 0, S_0x7fe8a7b1f650;
 .timescale 0 0;
S_0x7fe8a7b1e6b0 .scope module, "f" "full_adder" 2 22, 2 37 0, S_0x7fe8a7b1e540;
 .timescale 0 0;
    .port_info 0 /INPUT 1 "a";
    .port_info 1 /INPUT 1 "b";
    .port_info 2 /INPUT 1 "c_in";
    .port_info 3 /OUTPUT 1 "s";
    .port_info 4 /OUTPUT 1 "c_out";
L_0x6000030d51f0 .functor XOR 1, L_0x600002ac1e00, L_0x600002ac1ea0, C4<0>, C4<0>;
L_0x6000030d5260 .functor XOR 1, L_0x6000030d51f0, L_0x600002ac1f40, C4<0>, C4<0>;
L_0x6000030d52d0 .functor AND 1, L_0x600002ac1e00, L_0x600002ac1ea0, C4<1>, C4<1>;
L_0x6000030d5340 .functor AND 1, L_0x600002ac1ea0, L_0x600002ac1f40, C4<1>, C4<1>;
L_0x6000030d53b0 .functor OR 1, L_0x6000030d52d0, L_0x6000030d5340, C4<0>, C4<0>;
L_0x6000030d5420 .functor AND 1, L_0x600002ac1f40, L_0x600002ac1e00, C4<1>, C4<1>;
L_0x6000030d5490 .functor OR 1, L_0x6000030d53b0, L_0x6000030d5420, C4<0>, C4<0>;
v0x6000029d6010_0 .net *"_ivl_0", 0 0, L_0x6000030d51f0;  1 drivers
v0x6000029d60a0_0 .net *"_ivl_10", 0 0, L_0x6000030d5420;  1 drivers
v0x6000029d6130_0 .net *"_ivl_4", 0 0, L_0x6000030d52d0;  1 drivers
v0x6000029d61c0_0 .net *"_ivl_6", 0 0, L_0x6000030d5340;  1 drivers
v0x6000029d6250_0 .net *"_ivl_8", 0 0, L_0x6000030d53b0;  1 drivers
v0x6000029d62e0_0 .net "a", 0 0, L_0x600002ac1e00;  1 drivers
v0x6000029d6370_0 .net "b", 0 0, L_0x600002ac1ea0;  1 drivers
v0x6000029d6400_0 .net "c_in", 0 0, L_0x600002ac1f40;  1 drivers
v0x6000029d6490_0 .net "c_out", 0 0, L_0x6000030d5490;  1 drivers
v0x6000029d6520_0 .net "s", 0 0, L_0x6000030d5260;  1 drivers
S_0x7fe8a7b1e820 .scope generate, "generate_N_bit_Adder[17]" "generate_N_bit_Adder[17]" 2 17, 2 17 0, S_0x7fe8a79043d0;
 .timescale 0 0;
P_0x600000ed8540 .param/l "i" 0 2 17, +C4<010001>;
S_0x7fe8a7b1e990 .scope generate, "genblk3" "genblk3" 2 19, 2 19 0, S_0x7fe8a7b1e820;
 .timescale 0 0;
S_0x7fe8a7b34a40 .scope module, "f" "full_adder" 2 22, 2 37 0, S_0x7fe8a7b1e990;
 .timescale 0 0;
    .port_info 0 /INPUT 1 "a";
    .port_info 1 /INPUT 1 "b";
    .port_info 2 /INPUT 1 "c_in";
    .port_info 3 /OUTPUT 1 "s";
    .port_info 4 /OUTPUT 1 "c_out";
L_0x6000030d5500 .functor XOR 1, L_0x600002ac1fe0, L_0x600002ac2080, C4<0>, C4<0>;
L_0x6000030d5570 .functor XOR 1, L_0x6000030d5500, L_0x600002ac2120, C4<0>, C4<0>;
L_0x6000030d55e0 .functor AND 1, L_0x600002ac1fe0, L_0x600002ac2080, C4<1>, C4<1>;
L_0x6000030d5650 .functor AND 1, L_0x600002ac2080, L_0x600002ac2120, C4<1>, C4<1>;
L_0x6000030d56c0 .functor OR 1, L_0x6000030d55e0, L_0x6000030d5650, C4<0>, C4<0>;
L_0x6000030d5730 .functor AND 1, L_0x600002ac2120, L_0x600002ac1fe0, C4<1>, C4<1>;
L_0x6000030d57a0 .functor OR 1, L_0x6000030d56c0, L_0x6000030d5730, C4<0>, C4<0>;
v0x6000029d65b0_0 .net *"_ivl_0", 0 0, L_0x6000030d5500;  1 drivers
v0x6000029d6640_0 .net *"_ivl_10", 0 0, L_0x6000030d5730;  1 drivers
v0x6000029d66d0_0 .net *"_ivl_4", 0 0, L_0x6000030d55e0;  1 drivers
v0x6000029d6760_0 .net *"_ivl_6", 0 0, L_0x6000030d5650;  1 drivers
v0x6000029d67f0_0 .net *"_ivl_8", 0 0, L_0x6000030d56c0;  1 drivers
v0x6000029d6880_0 .net "a", 0 0, L_0x600002ac1fe0;  1 drivers
v0x6000029d6910_0 .net "b", 0 0, L_0x600002ac2080;  1 drivers
v0x6000029d69a0_0 .net "c_in", 0 0, L_0x600002ac2120;  1 drivers
v0x6000029d6a30_0 .net "c_out", 0 0, L_0x6000030d57a0;  1 drivers
v0x6000029d6ac0_0 .net "s", 0 0, L_0x6000030d5570;  1 drivers
S_0x7fe8a7b34bb0 .scope generate, "generate_N_bit_Adder[18]" "generate_N_bit_Adder[18]" 2 17, 2 17 0, S_0x7fe8a79043d0;
 .timescale 0 0;
P_0x600000ed85c0 .param/l "i" 0 2 17, +C4<010010>;
S_0x7fe8a7b34d20 .scope generate, "genblk3" "genblk3" 2 19, 2 19 0, S_0x7fe8a7b34bb0;
 .timescale 0 0;
S_0x7fe8a7b34e90 .scope module, "f" "full_adder" 2 22, 2 37 0, S_0x7fe8a7b34d20;
 .timescale 0 0;
    .port_info 0 /INPUT 1 "a";
    .port_info 1 /INPUT 1 "b";
    .port_info 2 /INPUT 1 "c_in";
    .port_info 3 /OUTPUT 1 "s";
    .port_info 4 /OUTPUT 1 "c_out";
L_0x6000030d5810 .functor XOR 1, L_0x600002ac21c0, L_0x600002ac2260, C4<0>, C4<0>;
L_0x6000030d5880 .functor XOR 1, L_0x6000030d5810, L_0x600002ac2300, C4<0>, C4<0>;
L_0x6000030d58f0 .functor AND 1, L_0x600002ac21c0, L_0x600002ac2260, C4<1>, C4<1>;
L_0x6000030d5960 .functor AND 1, L_0x600002ac2260, L_0x600002ac2300, C4<1>, C4<1>;
L_0x6000030d59d0 .functor OR 1, L_0x6000030d58f0, L_0x6000030d5960, C4<0>, C4<0>;
L_0x6000030d5a40 .functor AND 1, L_0x600002ac2300, L_0x600002ac21c0, C4<1>, C4<1>;
L_0x6000030d5ab0 .functor OR 1, L_0x6000030d59d0, L_0x6000030d5a40, C4<0>, C4<0>;
v0x6000029d6b50_0 .net *"_ivl_0", 0 0, L_0x6000030d5810;  1 drivers
v0x6000029d6be0_0 .net *"_ivl_10", 0 0, L_0x6000030d5a40;  1 drivers
v0x6000029d6c70_0 .net *"_ivl_4", 0 0, L_0x6000030d58f0;  1 drivers
v0x6000029d6d00_0 .net *"_ivl_6", 0 0, L_0x6000030d5960;  1 drivers
v0x6000029d6d90_0 .net *"_ivl_8", 0 0, L_0x6000030d59d0;  1 drivers
v0x6000029d6e20_0 .net "a", 0 0, L_0x600002ac21c0;  1 drivers
v0x6000029d6eb0_0 .net "b", 0 0, L_0x600002ac2260;  1 drivers
v0x6000029d6f40_0 .net "c_in", 0 0, L_0x600002ac2300;  1 drivers
v0x6000029d6fd0_0 .net "c_out", 0 0, L_0x6000030d5ab0;  1 drivers
v0x6000029d7060_0 .net "s", 0 0, L_0x6000030d5880;  1 drivers
S_0x7fe8a7b35000 .scope generate, "generate_N_bit_Adder[19]" "generate_N_bit_Adder[19]" 2 17, 2 17 0, S_0x7fe8a79043d0;
 .timescale 0 0;
P_0x600000ed8640 .param/l "i" 0 2 17, +C4<010011>;
S_0x7fe8a7b33d80 .scope generate, "genblk3" "genblk3" 2 19, 2 19 0, S_0x7fe8a7b35000;
 .timescale 0 0;
S_0x7fe8a7b33ef0 .scope module, "f" "full_adder" 2 22, 2 37 0, S_0x7fe8a7b33d80;
 .timescale 0 0;
    .port_info 0 /INPUT 1 "a";
    .port_info 1 /INPUT 1 "b";
    .port_info 2 /INPUT 1 "c_in";
    .port_info 3 /OUTPUT 1 "s";
    .port_info 4 /OUTPUT 1 "c_out";
L_0x6000030d5b20 .functor XOR 1, L_0x600002ac23a0, L_0x600002ac2440, C4<0>, C4<0>;
L_0x6000030d5b90 .functor XOR 1, L_0x6000030d5b20, L_0x600002ac24e0, C4<0>, C4<0>;
L_0x6000030d5c00 .functor AND 1, L_0x600002ac23a0, L_0x600002ac2440, C4<1>, C4<1>;
L_0x6000030d5c70 .functor AND 1, L_0x600002ac2440, L_0x600002ac24e0, C4<1>, C4<1>;
L_0x6000030d5ce0 .functor OR 1, L_0x6000030d5c00, L_0x6000030d5c70, C4<0>, C4<0>;
L_0x6000030d5d50 .functor AND 1, L_0x600002ac24e0, L_0x600002ac23a0, C4<1>, C4<1>;
L_0x6000030d5dc0 .functor OR 1, L_0x6000030d5ce0, L_0x6000030d5d50, C4<0>, C4<0>;
v0x6000029d70f0_0 .net *"_ivl_0", 0 0, L_0x6000030d5b20;  1 drivers
v0x6000029d7180_0 .net *"_ivl_10", 0 0, L_0x6000030d5d50;  1 drivers
v0x6000029d7210_0 .net *"_ivl_4", 0 0, L_0x6000030d5c00;  1 drivers
v0x6000029d72a0_0 .net *"_ivl_6", 0 0, L_0x6000030d5c70;  1 drivers
v0x6000029d7330_0 .net *"_ivl_8", 0 0, L_0x6000030d5ce0;  1 drivers
v0x6000029d73c0_0 .net "a", 0 0, L_0x600002ac23a0;  1 drivers
v0x6000029d7450_0 .net "b", 0 0, L_0x600002ac2440;  1 drivers
v0x6000029d74e0_0 .net "c_in", 0 0, L_0x600002ac24e0;  1 drivers
v0x6000029d7570_0 .net "c_out", 0 0, L_0x6000030d5dc0;  1 drivers
v0x6000029d7600_0 .net "s", 0 0, L_0x6000030d5b90;  1 drivers
S_0x7fe8a7b34060 .scope generate, "generate_N_bit_Adder[20]" "generate_N_bit_Adder[20]" 2 17, 2 17 0, S_0x7fe8a79043d0;
 .timescale 0 0;
P_0x600000ed86c0 .param/l "i" 0 2 17, +C4<010100>;
S_0x7fe8a7b341d0 .scope generate, "genblk3" "genblk3" 2 19, 2 19 0, S_0x7fe8a7b34060;
 .timescale 0 0;
S_0x7fe8a7b330c0 .scope module, "f" "full_adder" 2 22, 2 37 0, S_0x7fe8a7b341d0;
 .timescale 0 0;
    .port_info 0 /INPUT 1 "a";
    .port_info 1 /INPUT 1 "b";
    .port_info 2 /INPUT 1 "c_in";
    .port_info 3 /OUTPUT 1 "s";
    .port_info 4 /OUTPUT 1 "c_out";
L_0x6000030d5e30 .functor XOR 1, L_0x600002ac2580, L_0x600002ac2620, C4<0>, C4<0>;
L_0x6000030d5ea0 .functor XOR 1, L_0x6000030d5e30, L_0x600002ac26c0, C4<0>, C4<0>;
L_0x6000030d5f10 .functor AND 1, L_0x600002ac2580, L_0x600002ac2620, C4<1>, C4<1>;
L_0x6000030d5f80 .functor AND 1, L_0x600002ac2620, L_0x600002ac26c0, C4<1>, C4<1>;
L_0x6000030d5ff0 .functor OR 1, L_0x6000030d5f10, L_0x6000030d5f80, C4<0>, C4<0>;
L_0x6000030d6060 .functor AND 1, L_0x600002ac26c0, L_0x600002ac2580, C4<1>, C4<1>;
L_0x6000030d60d0 .functor OR 1, L_0x6000030d5ff0, L_0x6000030d6060, C4<0>, C4<0>;
v0x6000029d7690_0 .net *"_ivl_0", 0 0, L_0x6000030d5e30;  1 drivers
v0x6000029d7720_0 .net *"_ivl_10", 0 0, L_0x6000030d6060;  1 drivers
v0x6000029d77b0_0 .net *"_ivl_4", 0 0, L_0x6000030d5f10;  1 drivers
v0x6000029d7840_0 .net *"_ivl_6", 0 0, L_0x6000030d5f80;  1 drivers
v0x6000029d78d0_0 .net *"_ivl_8", 0 0, L_0x6000030d5ff0;  1 drivers
v0x6000029d7960_0 .net "a", 0 0, L_0x600002ac2580;  1 drivers
v0x6000029d79f0_0 .net "b", 0 0, L_0x600002ac2620;  1 drivers
v0x6000029d7a80_0 .net "c_in", 0 0, L_0x600002ac26c0;  1 drivers
v0x6000029d7b10_0 .net "c_out", 0 0, L_0x6000030d60d0;  1 drivers
v0x6000029d7ba0_0 .net "s", 0 0, L_0x6000030d5ea0;  1 drivers
S_0x7fe8a7b33230 .scope generate, "generate_N_bit_Adder[21]" "generate_N_bit_Adder[21]" 2 17, 2 17 0, S_0x7fe8a79043d0;
 .timescale 0 0;
P_0x600000ed8740 .param/l "i" 0 2 17, +C4<010101>;
S_0x7fe8a7b333a0 .scope generate, "genblk3" "genblk3" 2 19, 2 19 0, S_0x7fe8a7b33230;
 .timescale 0 0;
S_0x7fe8a7b33510 .scope module, "f" "full_adder" 2 22, 2 37 0, S_0x7fe8a7b333a0;
 .timescale 0 0;
    .port_info 0 /INPUT 1 "a";
    .port_info 1 /INPUT 1 "b";
    .port_info 2 /INPUT 1 "c_in";
    .port_info 3 /OUTPUT 1 "s";
    .port_info 4 /OUTPUT 1 "c_out";
L_0x6000030d6140 .functor XOR 1, L_0x600002ac2760, L_0x600002ac2800, C4<0>, C4<0>;
L_0x6000030d61b0 .functor XOR 1, L_0x6000030d6140, L_0x600002ac28a0, C4<0>, C4<0>;
L_0x6000030d6220 .functor AND 1, L_0x600002ac2760, L_0x600002ac2800, C4<1>, C4<1>;
L_0x6000030d6290 .functor AND 1, L_0x600002ac2800, L_0x600002ac28a0, C4<1>, C4<1>;
L_0x6000030d6300 .functor OR 1, L_0x6000030d6220, L_0x6000030d6290, C4<0>, C4<0>;
L_0x6000030d6370 .functor AND 1, L_0x600002ac28a0, L_0x600002ac2760, C4<1>, C4<1>;
L_0x6000030d63e0 .functor OR 1, L_0x6000030d6300, L_0x6000030d6370, C4<0>, C4<0>;
v0x6000029d7c30_0 .net *"_ivl_0", 0 0, L_0x6000030d6140;  1 drivers
v0x6000029d7cc0_0 .net *"_ivl_10", 0 0, L_0x6000030d6370;  1 drivers
v0x6000029d7d50_0 .net *"_ivl_4", 0 0, L_0x6000030d6220;  1 drivers
v0x6000029d7de0_0 .net *"_ivl_6", 0 0, L_0x6000030d6290;  1 drivers
v0x6000029d7e70_0 .net *"_ivl_8", 0 0, L_0x6000030d6300;  1 drivers
v0x6000029d7f00_0 .net "a", 0 0, L_0x600002ac2760;  1 drivers
v0x6000029d8000_0 .net "b", 0 0, L_0x600002ac2800;  1 drivers
v0x6000029d8090_0 .net "c_in", 0 0, L_0x600002ac28a0;  1 drivers
v0x6000029d8120_0 .net "c_out", 0 0, L_0x6000030d63e0;  1 drivers
v0x6000029d81b0_0 .net "s", 0 0, L_0x6000030d61b0;  1 drivers
S_0x7fe8a7b32400 .scope generate, "generate_N_bit_Adder[22]" "generate_N_bit_Adder[22]" 2 17, 2 17 0, S_0x7fe8a79043d0;
 .timescale 0 0;
P_0x600000ed87c0 .param/l "i" 0 2 17, +C4<010110>;
S_0x7fe8a7b32570 .scope generate, "genblk3" "genblk3" 2 19, 2 19 0, S_0x7fe8a7b32400;
 .timescale 0 0;
S_0x7fe8a7b326e0 .scope module, "f" "full_adder" 2 22, 2 37 0, S_0x7fe8a7b32570;
 .timescale 0 0;
    .port_info 0 /INPUT 1 "a";
    .port_info 1 /INPUT 1 "b";
    .port_info 2 /INPUT 1 "c_in";
    .port_info 3 /OUTPUT 1 "s";
    .port_info 4 /OUTPUT 1 "c_out";
L_0x6000030d6450 .functor XOR 1, L_0x600002ac2940, L_0x600002ac29e0, C4<0>, C4<0>;
L_0x6000030d64c0 .functor XOR 1, L_0x6000030d6450, L_0x600002ac2a80, C4<0>, C4<0>;
L_0x6000030d6530 .functor AND 1, L_0x600002ac2940, L_0x600002ac29e0, C4<1>, C4<1>;
L_0x6000030d65a0 .functor AND 1, L_0x600002ac29e0, L_0x600002ac2a80, C4<1>, C4<1>;
L_0x6000030d6610 .functor OR 1, L_0x6000030d6530, L_0x6000030d65a0, C4<0>, C4<0>;
L_0x6000030d6680 .functor AND 1, L_0x600002ac2a80, L_0x600002ac2940, C4<1>, C4<1>;
L_0x6000030d66f0 .functor OR 1, L_0x6000030d6610, L_0x6000030d6680, C4<0>, C4<0>;
v0x6000029d8240_0 .net *"_ivl_0", 0 0, L_0x6000030d6450;  1 drivers
v0x6000029d82d0_0 .net *"_ivl_10", 0 0, L_0x6000030d6680;  1 drivers
v0x6000029d8360_0 .net *"_ivl_4", 0 0, L_0x6000030d6530;  1 drivers
v0x6000029d83f0_0 .net *"_ivl_6", 0 0, L_0x6000030d65a0;  1 drivers
v0x6000029d8480_0 .net *"_ivl_8", 0 0, L_0x6000030d6610;  1 drivers
v0x6000029d8510_0 .net "a", 0 0, L_0x600002ac2940;  1 drivers
v0x6000029d85a0_0 .net "b", 0 0, L_0x600002ac29e0;  1 drivers
v0x6000029d8630_0 .net "c_in", 0 0, L_0x600002ac2a80;  1 drivers
v0x6000029d86c0_0 .net "c_out", 0 0, L_0x6000030d66f0;  1 drivers
v0x6000029d8750_0 .net "s", 0 0, L_0x6000030d64c0;  1 drivers
S_0x7fe8a7b32850 .scope generate, "generate_N_bit_Adder[23]" "generate_N_bit_Adder[23]" 2 17, 2 17 0, S_0x7fe8a79043d0;
 .timescale 0 0;
P_0x600000ed8840 .param/l "i" 0 2 17, +C4<010111>;
S_0x7fe8a7b31740 .scope generate, "genblk3" "genblk3" 2 19, 2 19 0, S_0x7fe8a7b32850;
 .timescale 0 0;
S_0x7fe8a7b318b0 .scope module, "f" "full_adder" 2 22, 2 37 0, S_0x7fe8a7b31740;
 .timescale 0 0;
    .port_info 0 /INPUT 1 "a";
    .port_info 1 /INPUT 1 "b";
    .port_info 2 /INPUT 1 "c_in";
    .port_info 3 /OUTPUT 1 "s";
    .port_info 4 /OUTPUT 1 "c_out";
L_0x6000030d6760 .functor XOR 1, L_0x600002ac2b20, L_0x600002ac2bc0, C4<0>, C4<0>;
L_0x6000030d67d0 .functor XOR 1, L_0x6000030d6760, L_0x600002ac2c60, C4<0>, C4<0>;
L_0x6000030d6840 .functor AND 1, L_0x600002ac2b20, L_0x600002ac2bc0, C4<1>, C4<1>;
L_0x6000030d68b0 .functor AND 1, L_0x600002ac2bc0, L_0x600002ac2c60, C4<1>, C4<1>;
L_0x6000030d6920 .functor OR 1, L_0x6000030d6840, L_0x6000030d68b0, C4<0>, C4<0>;
L_0x6000030d6990 .functor AND 1, L_0x600002ac2c60, L_0x600002ac2b20, C4<1>, C4<1>;
L_0x6000030d6a00 .functor OR 1, L_0x6000030d6920, L_0x6000030d6990, C4<0>, C4<0>;
v0x6000029d87e0_0 .net *"_ivl_0", 0 0, L_0x6000030d6760;  1 drivers
v0x6000029d8870_0 .net *"_ivl_10", 0 0, L_0x6000030d6990;  1 drivers
v0x6000029d8900_0 .net *"_ivl_4", 0 0, L_0x6000030d6840;  1 drivers
v0x6000029d8990_0 .net *"_ivl_6", 0 0, L_0x6000030d68b0;  1 drivers
v0x6000029d8a20_0 .net *"_ivl_8", 0 0, L_0x6000030d6920;  1 drivers
v0x6000029d8ab0_0 .net "a", 0 0, L_0x600002ac2b20;  1 drivers
v0x6000029d8b40_0 .net "b", 0 0, L_0x600002ac2bc0;  1 drivers
v0x6000029d8bd0_0 .net "c_in", 0 0, L_0x600002ac2c60;  1 drivers
v0x6000029d8c60_0 .net "c_out", 0 0, L_0x6000030d6a00;  1 drivers
v0x6000029d8cf0_0 .net "s", 0 0, L_0x6000030d67d0;  1 drivers
S_0x7fe8a7b31a20 .scope generate, "generate_N_bit_Adder[24]" "generate_N_bit_Adder[24]" 2 17, 2 17 0, S_0x7fe8a79043d0;
 .timescale 0 0;
P_0x600000ed88c0 .param/l "i" 0 2 17, +C4<011000>;
S_0x7fe8a7b31b90 .scope generate, "genblk3" "genblk3" 2 19, 2 19 0, S_0x7fe8a7b31a20;
 .timescale 0 0;
S_0x7fe8a7b30a80 .scope module, "f" "full_adder" 2 22, 2 37 0, S_0x7fe8a7b31b90;
 .timescale 0 0;
    .port_info 0 /INPUT 1 "a";
    .port_info 1 /INPUT 1 "b";
    .port_info 2 /INPUT 1 "c_in";
    .port_info 3 /OUTPUT 1 "s";
    .port_info 4 /OUTPUT 1 "c_out";
L_0x6000030d6a70 .functor XOR 1, L_0x600002ac2d00, L_0x600002ac2da0, C4<0>, C4<0>;
L_0x6000030d6ae0 .functor XOR 1, L_0x6000030d6a70, L_0x600002ac2e40, C4<0>, C4<0>;
L_0x6000030d6b50 .functor AND 1, L_0x600002ac2d00, L_0x600002ac2da0, C4<1>, C4<1>;
L_0x6000030d6bc0 .functor AND 1, L_0x600002ac2da0, L_0x600002ac2e40, C4<1>, C4<1>;
L_0x6000030d6c30 .functor OR 1, L_0x6000030d6b50, L_0x6000030d6bc0, C4<0>, C4<0>;
L_0x6000030d6ca0 .functor AND 1, L_0x600002ac2e40, L_0x600002ac2d00, C4<1>, C4<1>;
L_0x6000030d6d10 .functor OR 1, L_0x6000030d6c30, L_0x6000030d6ca0, C4<0>, C4<0>;
v0x6000029d8d80_0 .net *"_ivl_0", 0 0, L_0x6000030d6a70;  1 drivers
v0x6000029d8e10_0 .net *"_ivl_10", 0 0, L_0x6000030d6ca0;  1 drivers
v0x6000029d8ea0_0 .net *"_ivl_4", 0 0, L_0x6000030d6b50;  1 drivers
v0x6000029d8f30_0 .net *"_ivl_6", 0 0, L_0x6000030d6bc0;  1 drivers
v0x6000029d8fc0_0 .net *"_ivl_8", 0 0, L_0x6000030d6c30;  1 drivers
v0x6000029d9050_0 .net "a", 0 0, L_0x600002ac2d00;  1 drivers
v0x6000029d90e0_0 .net "b", 0 0, L_0x600002ac2da0;  1 drivers
v0x6000029d9170_0 .net "c_in", 0 0, L_0x600002ac2e40;  1 drivers
v0x6000029d9200_0 .net "c_out", 0 0, L_0x6000030d6d10;  1 drivers
v0x6000029d9290_0 .net "s", 0 0, L_0x6000030d6ae0;  1 drivers
S_0x7fe8a7b30bf0 .scope generate, "generate_N_bit_Adder[25]" "generate_N_bit_Adder[25]" 2 17, 2 17 0, S_0x7fe8a79043d0;
 .timescale 0 0;
P_0x600000ed8940 .param/l "i" 0 2 17, +C4<011001>;
S_0x7fe8a7b30d60 .scope generate, "genblk3" "genblk3" 2 19, 2 19 0, S_0x7fe8a7b30bf0;
 .timescale 0 0;
S_0x7fe8a7b30ed0 .scope module, "f" "full_adder" 2 22, 2 37 0, S_0x7fe8a7b30d60;
 .timescale 0 0;
    .port_info 0 /INPUT 1 "a";
    .port_info 1 /INPUT 1 "b";
    .port_info 2 /INPUT 1 "c_in";
    .port_info 3 /OUTPUT 1 "s";
    .port_info 4 /OUTPUT 1 "c_out";
L_0x6000030d6d80 .functor XOR 1, L_0x600002ac2ee0, L_0x600002ac2f80, C4<0>, C4<0>;
L_0x6000030d6df0 .functor XOR 1, L_0x6000030d6d80, L_0x600002ac3020, C4<0>, C4<0>;
L_0x6000030d6e60 .functor AND 1, L_0x600002ac2ee0, L_0x600002ac2f80, C4<1>, C4<1>;
L_0x6000030d6ed0 .functor AND 1, L_0x600002ac2f80, L_0x600002ac3020, C4<1>, C4<1>;
L_0x6000030d6f40 .functor OR 1, L_0x6000030d6e60, L_0x6000030d6ed0, C4<0>, C4<0>;
L_0x6000030d6fb0 .functor AND 1, L_0x600002ac3020, L_0x600002ac2ee0, C4<1>, C4<1>;
L_0x6000030d7020 .functor OR 1, L_0x6000030d6f40, L_0x6000030d6fb0, C4<0>, C4<0>;
v0x6000029d9320_0 .net *"_ivl_0", 0 0, L_0x6000030d6d80;  1 drivers
v0x6000029d93b0_0 .net *"_ivl_10", 0 0, L_0x6000030d6fb0;  1 drivers
v0x6000029d9440_0 .net *"_ivl_4", 0 0, L_0x6000030d6e60;  1 drivers
v0x6000029d94d0_0 .net *"_ivl_6", 0 0, L_0x6000030d6ed0;  1 drivers
v0x6000029d9560_0 .net *"_ivl_8", 0 0, L_0x6000030d6f40;  1 drivers
v0x6000029d95f0_0 .net "a", 0 0, L_0x600002ac2ee0;  1 drivers
v0x6000029d9680_0 .net "b", 0 0, L_0x600002ac2f80;  1 drivers
v0x6000029d9710_0 .net "c_in", 0 0, L_0x600002ac3020;  1 drivers
v0x6000029d97a0_0 .net "c_out", 0 0, L_0x6000030d7020;  1 drivers
v0x6000029d9830_0 .net "s", 0 0, L_0x6000030d6df0;  1 drivers
S_0x7fe8a7b1d880 .scope generate, "generate_N_bit_Adder[26]" "generate_N_bit_Adder[26]" 2 17, 2 17 0, S_0x7fe8a79043d0;
 .timescale 0 0;
P_0x600000ed89c0 .param/l "i" 0 2 17, +C4<011010>;
S_0x7fe8a7b1d9f0 .scope generate, "genblk3" "genblk3" 2 19, 2 19 0, S_0x7fe8a7b1d880;
 .timescale 0 0;
S_0x7fe8a7b1db60 .scope module, "f" "full_adder" 2 22, 2 37 0, S_0x7fe8a7b1d9f0;
 .timescale 0 0;
    .port_info 0 /INPUT 1 "a";
    .port_info 1 /INPUT 1 "b";
    .port_info 2 /INPUT 1 "c_in";
    .port_info 3 /OUTPUT 1 "s";
    .port_info 4 /OUTPUT 1 "c_out";
L_0x6000030d7090 .functor XOR 1, L_0x600002ac30c0, L_0x600002ac3160, C4<0>, C4<0>;
L_0x6000030d7100 .functor XOR 1, L_0x6000030d7090, L_0x600002ac3200, C4<0>, C4<0>;
L_0x6000030d7170 .functor AND 1, L_0x600002ac30c0, L_0x600002ac3160, C4<1>, C4<1>;
L_0x6000030d71e0 .functor AND 1, L_0x600002ac3160, L_0x600002ac3200, C4<1>, C4<1>;
L_0x6000030d7250 .functor OR 1, L_0x6000030d7170, L_0x6000030d71e0, C4<0>, C4<0>;
L_0x6000030d72c0 .functor AND 1, L_0x600002ac3200, L_0x600002ac30c0, C4<1>, C4<1>;
L_0x6000030d7330 .functor OR 1, L_0x6000030d7250, L_0x6000030d72c0, C4<0>, C4<0>;
v0x6000029d98c0_0 .net *"_ivl_0", 0 0, L_0x6000030d7090;  1 drivers
v0x6000029d9950_0 .net *"_ivl_10", 0 0, L_0x6000030d72c0;  1 drivers
v0x6000029d99e0_0 .net *"_ivl_4", 0 0, L_0x6000030d7170;  1 drivers
v0x6000029d9a70_0 .net *"_ivl_6", 0 0, L_0x6000030d71e0;  1 drivers
v0x6000029d9b00_0 .net *"_ivl_8", 0 0, L_0x6000030d7250;  1 drivers
v0x6000029d9b90_0 .net "a", 0 0, L_0x600002ac30c0;  1 drivers
v0x6000029d9c20_0 .net "b", 0 0, L_0x600002ac3160;  1 drivers
v0x6000029d9cb0_0 .net "c_in", 0 0, L_0x600002ac3200;  1 drivers
v0x6000029d9d40_0 .net "c_out", 0 0, L_0x6000030d7330;  1 drivers
v0x6000029d9dd0_0 .net "s", 0 0, L_0x6000030d7100;  1 drivers
S_0x7fe8a7b1dcd0 .scope generate, "generate_N_bit_Adder[27]" "generate_N_bit_Adder[27]" 2 17, 2 17 0, S_0x7fe8a79043d0;
 .timescale 0 0;
P_0x600000ed8a40 .param/l "i" 0 2 17, +C4<011011>;
S_0x7fe8a7b2fdc0 .scope generate, "genblk3" "genblk3" 2 19, 2 19 0, S_0x7fe8a7b1dcd0;
 .timescale 0 0;
S_0x7fe8a7b2ff30 .scope module, "f" "full_adder" 2 22, 2 37 0, S_0x7fe8a7b2fdc0;
 .timescale 0 0;
    .port_info 0 /INPUT 1 "a";
    .port_info 1 /INPUT 1 "b";
    .port_info 2 /INPUT 1 "c_in";
    .port_info 3 /OUTPUT 1 "s";
    .port_info 4 /OUTPUT 1 "c_out";
L_0x6000030d73a0 .functor XOR 1, L_0x600002ac32a0, L_0x600002ac3340, C4<0>, C4<0>;
L_0x6000030d7410 .functor XOR 1, L_0x6000030d73a0, L_0x600002ac33e0, C4<0>, C4<0>;
L_0x6000030d7480 .functor AND 1, L_0x600002ac32a0, L_0x600002ac3340, C4<1>, C4<1>;
L_0x6000030d74f0 .functor AND 1, L_0x600002ac3340, L_0x600002ac33e0, C4<1>, C4<1>;
L_0x6000030d7560 .functor OR 1, L_0x6000030d7480, L_0x6000030d74f0, C4<0>, C4<0>;
L_0x6000030d75d0 .functor AND 1, L_0x600002ac33e0, L_0x600002ac32a0, C4<1>, C4<1>;
L_0x6000030d7640 .functor OR 1, L_0x6000030d7560, L_0x6000030d75d0, C4<0>, C4<0>;
v0x6000029d9e60_0 .net *"_ivl_0", 0 0, L_0x6000030d73a0;  1 drivers
v0x6000029d9ef0_0 .net *"_ivl_10", 0 0, L_0x6000030d75d0;  1 drivers
v0x6000029d9f80_0 .net *"_ivl_4", 0 0, L_0x6000030d7480;  1 drivers
v0x6000029da010_0 .net *"_ivl_6", 0 0, L_0x6000030d74f0;  1 drivers
v0x6000029da0a0_0 .net *"_ivl_8", 0 0, L_0x6000030d7560;  1 drivers
v0x6000029da130_0 .net "a", 0 0, L_0x600002ac32a0;  1 drivers
v0x6000029da1c0_0 .net "b", 0 0, L_0x600002ac3340;  1 drivers
v0x6000029da250_0 .net "c_in", 0 0, L_0x600002ac33e0;  1 drivers
v0x6000029da2e0_0 .net "c_out", 0 0, L_0x6000030d7640;  1 drivers
v0x6000029da370_0 .net "s", 0 0, L_0x6000030d7410;  1 drivers
S_0x7fe8a7b300a0 .scope generate, "generate_N_bit_Adder[28]" "generate_N_bit_Adder[28]" 2 17, 2 17 0, S_0x7fe8a79043d0;
 .timescale 0 0;
P_0x600000ed8ac0 .param/l "i" 0 2 17, +C4<011100>;
S_0x7fe8a7b30210 .scope generate, "genblk3" "genblk3" 2 19, 2 19 0, S_0x7fe8a7b300a0;
 .timescale 0 0;
S_0x7fe8a7b2f100 .scope module, "f" "full_adder" 2 22, 2 37 0, S_0x7fe8a7b30210;
 .timescale 0 0;
    .port_info 0 /INPUT 1 "a";
    .port_info 1 /INPUT 1 "b";
    .port_info 2 /INPUT 1 "c_in";
    .port_info 3 /OUTPUT 1 "s";
    .port_info 4 /OUTPUT 1 "c_out";
L_0x6000030d76b0 .functor XOR 1, L_0x600002ac3480, L_0x600002ac3520, C4<0>, C4<0>;
L_0x6000030d7720 .functor XOR 1, L_0x6000030d76b0, L_0x600002ac35c0, C4<0>, C4<0>;
L_0x6000030d7790 .functor AND 1, L_0x600002ac3480, L_0x600002ac3520, C4<1>, C4<1>;
L_0x6000030d7800 .functor AND 1, L_0x600002ac3520, L_0x600002ac35c0, C4<1>, C4<1>;
L_0x6000030d7870 .functor OR 1, L_0x6000030d7790, L_0x6000030d7800, C4<0>, C4<0>;
L_0x6000030d78e0 .functor AND 1, L_0x600002ac35c0, L_0x600002ac3480, C4<1>, C4<1>;
L_0x6000030d7950 .functor OR 1, L_0x6000030d7870, L_0x6000030d78e0, C4<0>, C4<0>;
v0x6000029da400_0 .net *"_ivl_0", 0 0, L_0x6000030d76b0;  1 drivers
v0x6000029da490_0 .net *"_ivl_10", 0 0, L_0x6000030d78e0;  1 drivers
v0x6000029da520_0 .net *"_ivl_4", 0 0, L_0x6000030d7790;  1 drivers
v0x6000029da5b0_0 .net *"_ivl_6", 0 0, L_0x6000030d7800;  1 drivers
v0x6000029da640_0 .net *"_ivl_8", 0 0, L_0x6000030d7870;  1 drivers
v0x6000029da6d0_0 .net "a", 0 0, L_0x600002ac3480;  1 drivers
v0x6000029da760_0 .net "b", 0 0, L_0x600002ac3520;  1 drivers
v0x6000029da7f0_0 .net "c_in", 0 0, L_0x600002ac35c0;  1 drivers
v0x6000029da880_0 .net "c_out", 0 0, L_0x6000030d7950;  1 drivers
v0x6000029da910_0 .net "s", 0 0, L_0x6000030d7720;  1 drivers
S_0x7fe8a7b2f270 .scope generate, "generate_N_bit_Adder[29]" "generate_N_bit_Adder[29]" 2 17, 2 17 0, S_0x7fe8a79043d0;
 .timescale 0 0;
P_0x600000ed8b40 .param/l "i" 0 2 17, +C4<011101>;
S_0x7fe8a7b2f3e0 .scope generate, "genblk3" "genblk3" 2 19, 2 19 0, S_0x7fe8a7b2f270;
 .timescale 0 0;
S_0x7fe8a7b2f550 .scope module, "f" "full_adder" 2 22, 2 37 0, S_0x7fe8a7b2f3e0;
 .timescale 0 0;
    .port_info 0 /INPUT 1 "a";
    .port_info 1 /INPUT 1 "b";
    .port_info 2 /INPUT 1 "c_in";
    .port_info 3 /OUTPUT 1 "s";
    .port_info 4 /OUTPUT 1 "c_out";
L_0x6000030d79c0 .functor XOR 1, L_0x600002ac3660, L_0x600002ac3700, C4<0>, C4<0>;
L_0x6000030d7a30 .functor XOR 1, L_0x6000030d79c0, L_0x600002ac37a0, C4<0>, C4<0>;
L_0x6000030d7aa0 .functor AND 1, L_0x600002ac3660, L_0x600002ac3700, C4<1>, C4<1>;
L_0x6000030d7b10 .functor AND 1, L_0x600002ac3700, L_0x600002ac37a0, C4<1>, C4<1>;
L_0x6000030d7b80 .functor OR 1, L_0x6000030d7aa0, L_0x6000030d7b10, C4<0>, C4<0>;
L_0x6000030d7bf0 .functor AND 1, L_0x600002ac37a0, L_0x600002ac3660, C4<1>, C4<1>;
L_0x6000030d7c60 .functor OR 1, L_0x6000030d7b80, L_0x6000030d7bf0, C4<0>, C4<0>;
v0x6000029da9a0_0 .net *"_ivl_0", 0 0, L_0x6000030d79c0;  1 drivers
v0x6000029daa30_0 .net *"_ivl_10", 0 0, L_0x6000030d7bf0;  1 drivers
v0x6000029daac0_0 .net *"_ivl_4", 0 0, L_0x6000030d7aa0;  1 drivers
v0x6000029dab50_0 .net *"_ivl_6", 0 0, L_0x6000030d7b10;  1 drivers
v0x6000029dabe0_0 .net *"_ivl_8", 0 0, L_0x6000030d7b80;  1 drivers
v0x6000029dac70_0 .net "a", 0 0, L_0x600002ac3660;  1 drivers
v0x6000029dad00_0 .net "b", 0 0, L_0x600002ac3700;  1 drivers
v0x6000029dad90_0 .net "c_in", 0 0, L_0x600002ac37a0;  1 drivers
v0x6000029dae20_0 .net "c_out", 0 0, L_0x6000030d7c60;  1 drivers
v0x6000029daeb0_0 .net "s", 0 0, L_0x6000030d7a30;  1 drivers
S_0x7fe8a7b2e440 .scope generate, "generate_N_bit_Adder[30]" "generate_N_bit_Adder[30]" 2 17, 2 17 0, S_0x7fe8a79043d0;
 .timescale 0 0;
P_0x600000ed8bc0 .param/l "i" 0 2 17, +C4<011110>;
S_0x7fe8a7b2e5b0 .scope generate, "genblk3" "genblk3" 2 19, 2 19 0, S_0x7fe8a7b2e440;
 .timescale 0 0;
S_0x7fe8a7b2e720 .scope module, "f" "full_adder" 2 22, 2 37 0, S_0x7fe8a7b2e5b0;
 .timescale 0 0;
    .port_info 0 /INPUT 1 "a";
    .port_info 1 /INPUT 1 "b";
    .port_info 2 /INPUT 1 "c_in";
    .port_info 3 /OUTPUT 1 "s";
    .port_info 4 /OUTPUT 1 "c_out";
L_0x6000030d7cd0 .functor XOR 1, L_0x600002ac3840, L_0x600002ac38e0, C4<0>, C4<0>;
L_0x6000030d7d40 .functor XOR 1, L_0x6000030d7cd0, L_0x600002ac3980, C4<0>, C4<0>;
L_0x6000030d7db0 .functor AND 1, L_0x600002ac3840, L_0x600002ac38e0, C4<1>, C4<1>;
L_0x6000030d7e20 .functor AND 1, L_0x600002ac38e0, L_0x600002ac3980, C4<1>, C4<1>;
L_0x6000030d7e90 .functor OR 1, L_0x6000030d7db0, L_0x6000030d7e20, C4<0>, C4<0>;
L_0x6000030d7f00 .functor AND 1, L_0x600002ac3980, L_0x600002ac3840, C4<1>, C4<1>;
L_0x6000030d7f70 .functor OR 1, L_0x6000030d7e90, L_0x6000030d7f00, C4<0>, C4<0>;
v0x6000029daf40_0 .net *"_ivl_0", 0 0, L_0x6000030d7cd0;  1 drivers
v0x6000029dafd0_0 .net *"_ivl_10", 0 0, L_0x6000030d7f00;  1 drivers
v0x6000029db060_0 .net *"_ivl_4", 0 0, L_0x6000030d7db0;  1 drivers
v0x6000029db0f0_0 .net *"_ivl_6", 0 0, L_0x6000030d7e20;  1 drivers
v0x6000029db180_0 .net *"_ivl_8", 0 0, L_0x6000030d7e90;  1 drivers
v0x6000029db210_0 .net "a", 0 0, L_0x600002ac3840;  1 drivers
v0x6000029db2a0_0 .net "b", 0 0, L_0x600002ac38e0;  1 drivers
v0x6000029db330_0 .net "c_in", 0 0, L_0x600002ac3980;  1 drivers
v0x6000029db3c0_0 .net "c_out", 0 0, L_0x6000030d7f70;  1 drivers
v0x6000029db450_0 .net "s", 0 0, L_0x6000030d7d40;  1 drivers
S_0x7fe8a7b2e890 .scope generate, "generate_N_bit_Adder[31]" "generate_N_bit_Adder[31]" 2 17, 2 17 0, S_0x7fe8a79043d0;
 .timescale 0 0;
P_0x600000ed8c40 .param/l "i" 0 2 17, +C4<011111>;
S_0x7fe8a7b2d780 .scope generate, "genblk3" "genblk3" 2 19, 2 19 0, S_0x7fe8a7b2e890;
 .timescale 0 0;
S_0x7fe8a7b2d8f0 .scope module, "f" "full_adder" 2 22, 2 37 0, S_0x7fe8a7b2d780;
 .timescale 0 0;
    .port_info 0 /INPUT 1 "a";
    .port_info 1 /INPUT 1 "b";
    .port_info 2 /INPUT 1 "c_in";
    .port_info 3 /OUTPUT 1 "s";
    .port_info 4 /OUTPUT 1 "c_out";
L_0x6000030d8000 .functor XOR 1, L_0x600002ac3a20, L_0x600002ac3ac0, C4<0>, C4<0>;
L_0x6000030d8070 .functor XOR 1, L_0x6000030d8000, L_0x600002ac3b60, C4<0>, C4<0>;
L_0x6000030d80e0 .functor AND 1, L_0x600002ac3a20, L_0x600002ac3ac0, C4<1>, C4<1>;
L_0x6000030d8150 .functor AND 1, L_0x600002ac3ac0, L_0x600002ac3b60, C4<1>, C4<1>;
L_0x6000030d81c0 .functor OR 1, L_0x6000030d80e0, L_0x6000030d8150, C4<0>, C4<0>;
L_0x6000030d8230 .functor AND 1, L_0x600002ac3b60, L_0x600002ac3a20, C4<1>, C4<1>;
L_0x6000030d82a0 .functor OR 1, L_0x6000030d81c0, L_0x6000030d8230, C4<0>, C4<0>;
v0x6000029db4e0_0 .net *"_ivl_0", 0 0, L_0x6000030d8000;  1 drivers
v0x6000029db570_0 .net *"_ivl_10", 0 0, L_0x6000030d8230;  1 drivers
v0x6000029db600_0 .net *"_ivl_4", 0 0, L_0x6000030d80e0;  1 drivers
v0x6000029db690_0 .net *"_ivl_6", 0 0, L_0x6000030d8150;  1 drivers
v0x6000029db720_0 .net *"_ivl_8", 0 0, L_0x6000030d81c0;  1 drivers
v0x6000029db7b0_0 .net "a", 0 0, L_0x600002ac3a20;  1 drivers
v0x6000029db840_0 .net "b", 0 0, L_0x600002ac3ac0;  1 drivers
v0x6000029db8d0_0 .net "c_in", 0 0, L_0x600002ac3b60;  1 drivers
v0x6000029db960_0 .net "c_out", 0 0, L_0x6000030d82a0;  1 drivers
v0x6000029db9f0_0 .net "s", 0 0, L_0x6000030d8070;  1 drivers
S_0x7fe8a7b35810 .scope module, "m_top" "m_top" 2 45;
 .timescale 0 0;
v0x6000029dc360_0 .var "a", 0 0;
v0x6000029dc3f0_0 .var "b", 0 0;
v0x6000029dc480_0 .var "c_in", 0 0;
v0x6000029dc510_0 .net "c_out", 0 0, L_0x6000030d85b0;  1 drivers
v0x6000029dc5a0_0 .net "s", 0 0, L_0x6000030d8380;  1 drivers
E_0x6000015df8d0/0 .event edge, v0x6000029dc090_0, v0x6000029dc120_0, v0x6000029dc1b0_0, v0x6000029dc2d0_0;
E_0x6000015df8d0/1 .event edge, v0x6000029dc240_0;
E_0x6000015df8d0 .event/or E_0x6000015df8d0/0, E_0x6000015df8d0/1;
S_0x7fe8a7b2da60 .scope module, "fd" "full_adder" 2 61, 2 37 0, S_0x7fe8a7b35810;
 .timescale 0 0;
    .port_info 0 /INPUT 1 "a";
    .port_info 1 /INPUT 1 "b";
    .port_info 2 /INPUT 1 "c_in";
    .port_info 3 /OUTPUT 1 "s";
    .port_info 4 /OUTPUT 1 "c_out";
L_0x6000030d8310 .functor XOR 1, v0x6000029dc360_0, v0x6000029dc3f0_0, C4<0>, C4<0>;
L_0x6000030d8380 .functor XOR 1, L_0x6000030d8310, v0x6000029dc480_0, C4<0>, C4<0>;
L_0x6000030d83f0 .functor AND 1, v0x6000029dc360_0, v0x6000029dc3f0_0, C4<1>, C4<1>;
L_0x6000030d8460 .functor AND 1, v0x6000029dc3f0_0, v0x6000029dc480_0, C4<1>, C4<1>;
L_0x6000030d84d0 .functor OR 1, L_0x6000030d83f0, L_0x6000030d8460, C4<0>, C4<0>;
L_0x6000030d8540 .functor AND 1, v0x6000029dc480_0, v0x6000029dc360_0, C4<1>, C4<1>;
L_0x6000030d85b0 .functor OR 1, L_0x6000030d84d0, L_0x6000030d8540, C4<0>, C4<0>;
v0x6000029dbd50_0 .net *"_ivl_0", 0 0, L_0x6000030d8310;  1 drivers
v0x6000029dbde0_0 .net *"_ivl_10", 0 0, L_0x6000030d8540;  1 drivers
v0x6000029dbe70_0 .net *"_ivl_4", 0 0, L_0x6000030d83f0;  1 drivers
v0x6000029dbf00_0 .net *"_ivl_6", 0 0, L_0x6000030d8460;  1 drivers
v0x6000029dc000_0 .net *"_ivl_8", 0 0, L_0x6000030d84d0;  1 drivers
v0x6000029dc090_0 .net "a", 0 0, v0x6000029dc360_0;  1 drivers
v0x6000029dc120_0 .net "b", 0 0, v0x6000029dc3f0_0;  1 drivers
v0x6000029dc1b0_0 .net "c_in", 0 0, v0x6000029dc480_0;  1 drivers
v0x6000029dc240_0 .net "c_out", 0 0, L_0x6000030d85b0;  alias, 1 drivers
v0x6000029dc2d0_0 .net "s", 0 0, L_0x6000030d8380;  alias, 1 drivers
    .scope S_0x7fe8a7b35810;
T_0 ;
    %delay 10, 0;
    %pushi/vec4 0, 0, 1;
    %assign/vec4 v0x6000029dc360_0, 0;
    %pushi/vec4 0, 0, 1;
    %assign/vec4 v0x6000029dc3f0_0, 0;
    %pushi/vec4 0, 0, 1;
    %assign/vec4 v0x6000029dc480_0, 0;
    %delay 10, 0;
    %pushi/vec4 0, 0, 1;
    %assign/vec4 v0x6000029dc360_0, 0;
    %pushi/vec4 0, 0, 1;
    %assign/vec4 v0x6000029dc3f0_0, 0;
    %pushi/vec4 1, 0, 1;
    %assign/vec4 v0x6000029dc480_0, 0;
    %delay 10, 0;
    %pushi/vec4 0, 0, 1;
    %assign/vec4 v0x6000029dc360_0, 0;
    %pushi/vec4 1, 0, 1;
    %assign/vec4 v0x6000029dc3f0_0, 0;
    %pushi/vec4 0, 0, 1;
    %assign/vec4 v0x6000029dc480_0, 0;
    %delay 10, 0;
    %pushi/vec4 0, 0, 1;
    %assign/vec4 v0x6000029dc360_0, 0;
    %pushi/vec4 1, 0, 1;
    %assign/vec4 v0x6000029dc3f0_0, 0;
    %pushi/vec4 1, 0, 1;
    %assign/vec4 v0x6000029dc480_0, 0;
    %delay 10, 0;
    %pushi/vec4 1, 0, 1;
    %assign/vec4 v0x6000029dc360_0, 0;
    %pushi/vec4 0, 0, 1;
    %assign/vec4 v0x6000029dc3f0_0, 0;
    %pushi/vec4 0, 0, 1;
    %assign/vec4 v0x6000029dc480_0, 0;
    %delay 10, 0;
    %pushi/vec4 1, 0, 1;
    %assign/vec4 v0x6000029dc360_0, 0;
    %pushi/vec4 0, 0, 1;
    %assign/vec4 v0x6000029dc3f0_0, 0;
    %pushi/vec4 1, 0, 1;
    %assign/vec4 v0x6000029dc480_0, 0;
    %delay 10, 0;
    %pushi/vec4 1, 0, 1;
    %assign/vec4 v0x6000029dc360_0, 0;
    %pushi/vec4 1, 0, 1;
    %assign/vec4 v0x6000029dc3f0_0, 0;
    %pushi/vec4 0, 0, 1;
    %assign/vec4 v0x6000029dc480_0, 0;
    %delay 10, 0;
    %pushi/vec4 1, 0, 1;
    %assign/vec4 v0x6000029dc360_0, 0;
    %pushi/vec4 1, 0, 1;
    %assign/vec4 v0x6000029dc3f0_0, 0;
    %pushi/vec4 1, 0, 1;
    %assign/vec4 v0x6000029dc480_0, 0;
    %end;
    .thread T_0;
    .scope S_0x7fe8a7b35810;
T_1 ;
    %vpi_call 2 58 "$display", "Truth Table of Full Adder" {0 0 0};
    %end;
    .thread T_1;
    .scope S_0x7fe8a7b35810;
T_2 ;
    %vpi_call 2 59 "$display", "    a b c_in s c_out" {0 0 0};
    %end;
    .thread T_2;
    .scope S_0x7fe8a7b35810;
T_3 ;
    %wait E_0x6000015df8d0;
    %delay 1, 0;
    %vpi_call 2 60 "$display", "%2d: %d %d %4d %d %4d", $time, v0x6000029dc360_0, v0x6000029dc3f0_0, v0x6000029dc480_0, v0x6000029dc5a0_0, v0x6000029dc510_0 {0 0 0};
    %jmp T_3;
    .thread T_3, $push;
# The file index is used to find the file name in the following table.
:file_names 3;
    "N/A";
    "<interactive>";
    "kadai3.v";
